2020-01-05 16:53:12,644 INFO 9968 [egg:logger] init all loggers with options: {"dir":"D:\\Programming\\workspace\\hexo\\hexo-admin\\logs\\hexo-admin","encoding":"utf8","env":"local","level":"INFO","consoleLevel":"INFO","disableConsoleAfterReady":false,"outputJSON":false,"buffer":true,"appLogName":"hexo-admin-web.log","coreLogName":"egg-web.log","agentLogName":"egg-agent.log","errorLogName":"common-error.log","coreLogger":{"consoleLevel":"WARN"},"allowDebugAtProd":false,"type":"application"}
2020-01-05 16:53:12,674 INFO 9968 [egg-multipart] stream mode enable
2020-01-05 16:53:12,734 INFO 9968 [egg-static] starting static serve /public/ -> D:\Programming\workspace\hexo\hexo-admin\app\public
2020-01-05 16:53:12,737 INFO 9968 [egg-security] use csrf middleware
2020-01-05 16:53:12,740 INFO 9968 [egg-security] use methodnoallow middleware
2020-01-05 16:53:12,740 INFO 9968 [egg-security] use noopen middleware
2020-01-05 16:53:12,741 INFO 9968 [egg-security] use nosniff middleware
2020-01-05 16:53:12,741 INFO 9968 [egg-security] use xssProtection middleware
2020-01-05 16:53:12,742 INFO 9968 [egg-security] use xframe middleware
2020-01-05 16:53:12,743 INFO 9968 [egg-security] use dta middleware
2020-01-05 16:53:12,743 INFO 9968 [egg-security] compose 7 middlewares into one security middleware
2020-01-05 16:53:12,749 INFO 9968 [egg:core] dump config after load, 6ms
2020-01-05 16:53:12,769 INFO 9968 [egg-watcher:application] watcher start success
2020-01-05 16:53:12,778 INFO 9968 [egg:core] dump config after ready, 4ms
2020-01-05 16:57:34,731 INFO 13996 [egg:logger] init all loggers with options: {"dir":"D:\\Programming\\workspace\\hexo\\hexo-admin\\logs\\hexo-admin","encoding":"utf8","env":"local","level":"INFO","consoleLevel":"INFO","disableConsoleAfterReady":false,"outputJSON":false,"buffer":true,"appLogName":"hexo-admin-web.log","coreLogName":"egg-web.log","agentLogName":"egg-agent.log","errorLogName":"common-error.log","coreLogger":{"consoleLevel":"WARN"},"allowDebugAtProd":false,"type":"application"}
2020-01-05 16:57:34,769 INFO 13996 [egg-multipart] stream mode enable
2020-01-05 16:57:34,849 INFO 13996 [egg-static] starting static serve /public/ -> D:\Programming\workspace\hexo\hexo-admin\app\public
2020-01-05 16:57:34,854 INFO 13996 [egg-security] use csrf middleware
2020-01-05 16:57:34,855 INFO 13996 [egg-security] use methodnoallow middleware
2020-01-05 16:57:34,855 INFO 13996 [egg-security] use noopen middleware
2020-01-05 16:57:34,856 INFO 13996 [egg-security] use nosniff middleware
2020-01-05 16:57:34,856 INFO 13996 [egg-security] use xssProtection middleware
2020-01-05 16:57:34,857 INFO 13996 [egg-security] use xframe middleware
2020-01-05 16:57:34,857 INFO 13996 [egg-security] use dta middleware
2020-01-05 16:57:34,857 INFO 13996 [egg-security] compose 7 middlewares into one security middleware
2020-01-05 16:57:34,869 INFO 13996 [egg:core] dump config after load, 8ms
2020-01-05 16:57:35,023 INFO 13996 [egg-watcher:application] watcher start success
2020-01-05 16:57:35,476 INFO 13996 [egg:core] dump config after ready, 4ms
2020-01-05 16:58:38,973 INFO 11332 [egg:logger] init all loggers with options: {"dir":"D:\\Programming\\workspace\\hexo\\hexo-admin\\logs\\hexo-admin","encoding":"utf8","env":"local","level":"INFO","consoleLevel":"INFO","disableConsoleAfterReady":false,"outputJSON":false,"buffer":true,"appLogName":"hexo-admin-web.log","coreLogName":"egg-web.log","agentLogName":"egg-agent.log","errorLogName":"common-error.log","coreLogger":{"consoleLevel":"WARN"},"allowDebugAtProd":false,"type":"application"}
2020-01-05 16:58:39,003 INFO 11332 [egg-multipart] stream mode enable
2020-01-05 16:58:39,063 INFO 11332 [egg-static] starting static serve / -> D:\Programming\workspace\hexo\hexo-admin\dist
2020-01-05 16:58:39,064 INFO 11332 [egg-static] starting static serve / -> D:\Programming\workspace\hexo\hexo-admin\app\public
2020-01-05 16:58:39,066 INFO 11332 [egg-security] use methodnoallow middleware
2020-01-05 16:58:39,066 INFO 11332 [egg-security] use noopen middleware
2020-01-05 16:58:39,067 INFO 11332 [egg-security] use nosniff middleware
2020-01-05 16:58:39,067 INFO 11332 [egg-security] use xssProtection middleware
2020-01-05 16:58:39,068 INFO 11332 [egg-security] use xframe middleware
2020-01-05 16:58:39,068 INFO 11332 [egg-security] use dta middleware
2020-01-05 16:58:39,068 INFO 11332 [egg-security] compose 6 middlewares into one security middleware
2020-01-05 16:58:39,078 INFO 11332 [egg:core] dump config after load, 6ms
2020-01-05 16:58:39,220 INFO 11332 [egg-watcher:application] watcher start success
2020-01-05 16:58:39,615 INFO 11332 [egg:core] dump config after ready, 4ms
2020-01-05 16:58:58,268 INFO 14152 [egg:logger] init all loggers with options: {"dir":"D:\\Programming\\workspace\\hexo\\hexo-admin\\logs\\hexo-admin","encoding":"utf8","env":"local","level":"INFO","consoleLevel":"INFO","disableConsoleAfterReady":false,"outputJSON":false,"buffer":true,"appLogName":"hexo-admin-web.log","coreLogName":"egg-web.log","agentLogName":"egg-agent.log","errorLogName":"common-error.log","coreLogger":{"consoleLevel":"WARN"},"allowDebugAtProd":false,"type":"application"}
2020-01-05 16:58:58,296 INFO 14152 [egg-multipart] stream mode enable
2020-01-05 16:58:58,355 INFO 14152 [egg-static] starting static serve / -> D:\Programming\workspace\hexo\hexo-admin\dist
2020-01-05 16:58:58,356 INFO 14152 [egg-static] starting static serve / -> D:\Programming\workspace\hexo\hexo-admin\app\public
2020-01-05 16:58:58,358 INFO 14152 [egg-security] use methodnoallow middleware
2020-01-05 16:58:58,359 INFO 14152 [egg-security] use noopen middleware
2020-01-05 16:58:58,359 INFO 14152 [egg-security] use nosniff middleware
2020-01-05 16:58:58,360 INFO 14152 [egg-security] use xssProtection middleware
2020-01-05 16:58:58,360 INFO 14152 [egg-security] use xframe middleware
2020-01-05 16:58:58,361 INFO 14152 [egg-security] use dta middleware
2020-01-05 16:58:58,361 INFO 14152 [egg-security] compose 6 middlewares into one security middleware
2020-01-05 16:58:58,370 INFO 14152 [egg:core] dump config after load, 5ms
2020-01-05 16:58:58,502 INFO 14152 [egg-watcher:application] watcher start success
2020-01-05 16:58:58,935 INFO 14152 [egg:core] dump config after ready, 5ms
2020-01-05 17:29:22,297 INFO 13900 [egg:logger] init all loggers with options: {"dir":"D:\\Programming\\workspace\\hexo\\hexo-admin\\logs\\hexo-admin","encoding":"utf8","env":"local","level":"INFO","consoleLevel":"INFO","disableConsoleAfterReady":false,"outputJSON":false,"buffer":true,"appLogName":"hexo-admin-web.log","coreLogName":"egg-web.log","agentLogName":"egg-agent.log","errorLogName":"common-error.log","coreLogger":{"consoleLevel":"WARN"},"allowDebugAtProd":false,"type":"application"}
2020-01-05 17:29:22,328 INFO 13900 [egg-multipart] stream mode enable
2020-01-05 17:29:22,384 INFO 13900 [egg-static] starting static serve / -> D:\Programming\workspace\hexo\hexo-admin\dist
2020-01-05 17:29:22,385 INFO 13900 [egg-static] starting static serve / -> D:\Programming\workspace\hexo\hexo-admin\app\public
2020-01-05 17:29:22,387 INFO 13900 [egg-security] use methodnoallow middleware
2020-01-05 17:29:22,388 INFO 13900 [egg-security] use noopen middleware
2020-01-05 17:29:22,388 INFO 13900 [egg-security] use nosniff middleware
2020-01-05 17:29:22,389 INFO 13900 [egg-security] use xssProtection middleware
2020-01-05 17:29:22,389 INFO 13900 [egg-security] use xframe middleware
2020-01-05 17:29:22,390 INFO 13900 [egg-security] use dta middleware
2020-01-05 17:29:22,390 INFO 13900 [egg-security] compose 6 middlewares into one security middleware
2020-01-05 17:29:22,400 INFO 13900 [egg:core] dump config after load, 6ms
2020-01-05 17:29:22,530 INFO 13900 [egg-watcher:application] watcher start success
2020-01-05 17:29:22,960 INFO 13900 [egg:core] dump config after ready, 4ms
2020-01-05 17:29:27,801 INFO 11580 [egg:logger] init all loggers with options: {"dir":"D:\\Programming\\workspace\\hexo\\hexo-admin\\logs\\hexo-admin","encoding":"utf8","env":"local","level":"INFO","consoleLevel":"INFO","disableConsoleAfterReady":false,"outputJSON":false,"buffer":true,"appLogName":"hexo-admin-web.log","coreLogName":"egg-web.log","agentLogName":"egg-agent.log","errorLogName":"common-error.log","coreLogger":{"consoleLevel":"WARN"},"allowDebugAtProd":false,"type":"application"}
2020-01-05 17:29:27,830 INFO 11580 [egg-multipart] stream mode enable
2020-01-05 17:29:27,886 INFO 11580 [egg-static] starting static serve / -> D:\Programming\workspace\hexo\hexo-admin\dist
2020-01-05 17:29:27,886 INFO 11580 [egg-static] starting static serve / -> D:\Programming\workspace\hexo\hexo-admin\app\public
2020-01-05 17:29:27,888 INFO 11580 [egg-security] use methodnoallow middleware
2020-01-05 17:29:27,889 INFO 11580 [egg-security] use noopen middleware
2020-01-05 17:29:27,889 INFO 11580 [egg-security] use nosniff middleware
2020-01-05 17:29:27,890 INFO 11580 [egg-security] use xssProtection middleware
2020-01-05 17:29:27,890 INFO 11580 [egg-security] use xframe middleware
2020-01-05 17:29:27,891 INFO 11580 [egg-security] use dta middleware
2020-01-05 17:29:27,891 INFO 11580 [egg-security] compose 6 middlewares into one security middleware
2020-01-05 17:29:27,899 INFO 11580 [egg:core] dump config after load, 5ms
2020-01-05 17:29:28,030 INFO 11580 [egg-watcher:application] watcher start success
2020-01-05 17:29:28,430 INFO 11580 [egg:core] dump config after ready, 4ms
2020-01-05 17:29:33,610 INFO 14184 [egg:logger] init all loggers with options: {"dir":"D:\\Programming\\workspace\\hexo\\hexo-admin\\logs\\hexo-admin","encoding":"utf8","env":"local","level":"INFO","consoleLevel":"INFO","disableConsoleAfterReady":false,"outputJSON":false,"buffer":true,"appLogName":"hexo-admin-web.log","coreLogName":"egg-web.log","agentLogName":"egg-agent.log","errorLogName":"common-error.log","coreLogger":{"consoleLevel":"WARN"},"allowDebugAtProd":false,"type":"application"}
2020-01-05 17:29:33,645 INFO 14184 [egg-multipart] stream mode enable
2020-01-05 17:29:33,704 INFO 14184 [egg-static] starting static serve / -> D:\Programming\workspace\hexo\hexo-admin\dist
2020-01-05 17:29:33,705 INFO 14184 [egg-static] starting static serve / -> D:\Programming\workspace\hexo\hexo-admin\app\public
2020-01-05 17:29:33,707 INFO 14184 [egg-security] use methodnoallow middleware
2020-01-05 17:29:33,708 INFO 14184 [egg-security] use noopen middleware
2020-01-05 17:29:33,708 INFO 14184 [egg-security] use nosniff middleware
2020-01-05 17:29:33,709 INFO 14184 [egg-security] use xssProtection middleware
2020-01-05 17:29:33,709 INFO 14184 [egg-security] use xframe middleware
2020-01-05 17:29:33,710 INFO 14184 [egg-security] use dta middleware
2020-01-05 17:29:33,710 INFO 14184 [egg-security] compose 6 middlewares into one security middleware
2020-01-05 17:29:33,720 INFO 14184 [egg:core] dump config after load, 5ms
2020-01-05 17:29:33,854 INFO 14184 [egg-watcher:application] watcher start success
2020-01-05 17:29:34,294 INFO 14184 [egg:core] dump config after ready, 4ms
2020-01-05 17:30:52,975 INFO 5076 [egg:logger] init all loggers with options: {"dir":"D:\\Programming\\workspace\\hexo\\hexo-admin\\logs\\hexo-admin","encoding":"utf8","env":"local","level":"INFO","consoleLevel":"INFO","disableConsoleAfterReady":false,"outputJSON":false,"buffer":true,"appLogName":"hexo-admin-web.log","coreLogName":"egg-web.log","agentLogName":"egg-agent.log","errorLogName":"common-error.log","coreLogger":{"consoleLevel":"WARN"},"allowDebugAtProd":false,"type":"application"}
2020-01-05 17:30:53,005 INFO 5076 [egg-multipart] stream mode enable
2020-01-05 17:30:53,059 INFO 5076 [egg-static] starting static serve / -> D:\Programming\workspace\hexo\hexo-admin\dist
2020-01-05 17:30:53,059 INFO 5076 [egg-static] starting static serve / -> D:\Programming\workspace\hexo\hexo-admin\app\public
2020-01-05 17:30:53,061 INFO 5076 [egg-security] use methodnoallow middleware
2020-01-05 17:30:53,062 INFO 5076 [egg-security] use noopen middleware
2020-01-05 17:30:53,063 INFO 5076 [egg-security] use nosniff middleware
2020-01-05 17:30:53,063 INFO 5076 [egg-security] use xssProtection middleware
2020-01-05 17:30:53,064 INFO 5076 [egg-security] use xframe middleware
2020-01-05 17:30:53,064 INFO 5076 [egg-security] use dta middleware
2020-01-05 17:30:53,064 INFO 5076 [egg-security] compose 6 middlewares into one security middleware
2020-01-05 17:30:53,073 INFO 5076 [egg:core] dump config after load, 5ms
2020-01-05 17:30:53,196 INFO 5076 [egg-watcher:application] watcher start success
2020-01-05 17:30:53,592 INFO 5076 [egg:core] dump config after ready, 4ms
2020-01-05 18:12:20,216 INFO 14036 [egg:logger] init all loggers with options: {"dir":"D:\\Programming\\workspace\\hexo\\hexo-admin\\logs\\hexo-admin","encoding":"utf8","env":"local","level":"INFO","consoleLevel":"INFO","disableConsoleAfterReady":false,"outputJSON":false,"buffer":true,"appLogName":"hexo-admin-web.log","coreLogName":"egg-web.log","agentLogName":"egg-agent.log","errorLogName":"common-error.log","coreLogger":{"consoleLevel":"WARN"},"allowDebugAtProd":false,"type":"application"}
2020-01-05 18:12:20,245 INFO 14036 [egg-multipart] stream mode enable
2020-01-05 18:12:20,303 INFO 14036 [egg-static] starting static serve / -> D:\Programming\workspace\hexo\hexo-admin\dist
2020-01-05 18:12:20,303 INFO 14036 [egg-static] starting static serve / -> D:\Programming\workspace\hexo\hexo-admin\app\public
2020-01-05 18:12:20,305 INFO 14036 [egg-security] use methodnoallow middleware
2020-01-05 18:12:20,306 INFO 14036 [egg-security] use noopen middleware
2020-01-05 18:12:20,307 INFO 14036 [egg-security] use nosniff middleware
2020-01-05 18:12:20,307 INFO 14036 [egg-security] use xssProtection middleware
2020-01-05 18:12:20,307 INFO 14036 [egg-security] use xframe middleware
2020-01-05 18:12:20,308 INFO 14036 [egg-security] use dta middleware
2020-01-05 18:12:20,308 INFO 14036 [egg-security] compose 6 middlewares into one security middleware
2020-01-05 18:12:20,317 INFO 14036 [egg:core] dump config after load, 6ms
2020-01-05 18:12:20,450 INFO 14036 [egg-watcher:application] watcher start success
2020-01-05 18:12:20,845 INFO 14036 [egg:core] dump config after ready, 5ms
2020-01-05 18:48:36,603 INFO 13528 [egg:logger] init all loggers with options: {"dir":"D:\\Programming\\workspace\\hexo\\hexo-admin\\logs\\hexo-admin","encoding":"utf8","env":"local","level":"INFO","consoleLevel":"INFO","disableConsoleAfterReady":false,"outputJSON":false,"buffer":true,"appLogName":"hexo-admin-web.log","coreLogName":"egg-web.log","agentLogName":"egg-agent.log","errorLogName":"common-error.log","coreLogger":{"consoleLevel":"WARN"},"allowDebugAtProd":false,"type":"application"}
2020-01-05 18:48:36,633 INFO 13528 [egg-multipart] stream mode enable
2020-01-05 18:48:36,692 INFO 13528 [egg-static] starting static serve / -> D:\Programming\workspace\hexo\hexo-admin\dist
2020-01-05 18:48:36,692 INFO 13528 [egg-static] starting static serve / -> D:\Programming\workspace\hexo\hexo-admin\app\public
2020-01-05 18:48:36,694 INFO 13528 [egg-security] use methodnoallow middleware
2020-01-05 18:48:36,695 INFO 13528 [egg-security] use noopen middleware
2020-01-05 18:48:36,696 INFO 13528 [egg-security] use nosniff middleware
2020-01-05 18:48:36,696 INFO 13528 [egg-security] use xssProtection middleware
2020-01-05 18:48:36,696 INFO 13528 [egg-security] use xframe middleware
2020-01-05 18:48:36,697 INFO 13528 [egg-security] use dta middleware
2020-01-05 18:48:36,697 INFO 13528 [egg-security] compose 6 middlewares into one security middleware
2020-01-05 18:48:36,706 INFO 13528 [egg:core] dump config after load, 5ms
2020-01-05 18:48:36,843 INFO 13528 [egg-watcher:application] watcher start success
2020-01-05 18:48:37,266 INFO 13528 [egg:core] dump config after ready, 4ms
2020-01-05 19:00:39,688 INFO 14240 [egg:logger] init all loggers with options: {"dir":"D:\\Programming\\workspace\\hexo\\hexo-admin\\logs\\hexo-admin","encoding":"utf8","env":"local","level":"INFO","consoleLevel":"INFO","disableConsoleAfterReady":false,"outputJSON":false,"buffer":true,"appLogName":"hexo-admin-web.log","coreLogName":"egg-web.log","agentLogName":"egg-agent.log","errorLogName":"common-error.log","coreLogger":{"consoleLevel":"WARN"},"allowDebugAtProd":false,"type":"application"}
2020-01-05 19:00:39,722 INFO 14240 [egg-multipart] stream mode enable
2020-01-05 19:00:39,781 INFO 14240 [egg-static] starting static serve / -> D:\Programming\workspace\hexo\hexo-admin\dist
2020-01-05 19:00:39,781 INFO 14240 [egg-static] starting static serve / -> D:\Programming\workspace\hexo\hexo-admin\app\public
2020-01-05 19:00:39,784 INFO 14240 [egg-security] use methodnoallow middleware
2020-01-05 19:00:39,785 INFO 14240 [egg-security] use noopen middleware
2020-01-05 19:00:39,785 INFO 14240 [egg-security] use nosniff middleware
2020-01-05 19:00:39,786 INFO 14240 [egg-security] use xssProtection middleware
2020-01-05 19:00:39,786 INFO 14240 [egg-security] use xframe middleware
2020-01-05 19:00:39,787 INFO 14240 [egg-security] use dta middleware
2020-01-05 19:00:39,787 INFO 14240 [egg-security] compose 6 middlewares into one security middleware
2020-01-05 19:00:39,797 INFO 14240 [egg:core] dump config after load, 6ms
2020-01-05 19:00:39,931 INFO 14240 [egg-watcher:application] watcher start success
2020-01-05 19:00:40,357 INFO 14240 [egg:core] dump config after ready, 6ms
2020-01-05 20:13:20,559 WARN 14240 [TCPBase] socket is closed by other side while there were still unhandled data in the socket buffer
2020-01-05 20:13:20,603 WARN 14240 [ClusterClient:Watcher] follower closed, and try to init it again
2020-01-05 20:58:26,805 WARN 14240 [TCPBase] socket is closed by other side while there were still unhandled data in the socket buffer
2020-01-05 20:58:26,818 WARN 14240 [ClusterClient:Watcher] follower closed, and try to init it again
2020-01-05 20:59:17,496 INFO 13600 [egg:logger] init all loggers with options: {"dir":"D:\\Programming\\workspace\\hexo\\hexo-admin\\logs\\hexo-admin","encoding":"utf8","env":"local","level":"INFO","consoleLevel":"INFO","disableConsoleAfterReady":false,"outputJSON":false,"buffer":true,"appLogName":"hexo-admin-web.log","coreLogName":"egg-web.log","agentLogName":"egg-agent.log","errorLogName":"common-error.log","coreLogger":{"consoleLevel":"WARN"},"allowDebugAtProd":false,"type":"application"}
2020-01-05 20:59:17,527 INFO 13600 [egg-multipart] stream mode enable
2020-01-05 20:59:17,584 INFO 13600 [egg-static] starting static serve / -> D:\Programming\workspace\hexo\hexo-admin\dist
2020-01-05 20:59:17,584 INFO 13600 [egg-static] starting static serve / -> D:\Programming\workspace\hexo\hexo-admin\app\public
2020-01-05 20:59:17,586 INFO 13600 [egg-security] use methodnoallow middleware
2020-01-05 20:59:17,587 INFO 13600 [egg-security] use noopen middleware
2020-01-05 20:59:17,587 INFO 13600 [egg-security] use nosniff middleware
2020-01-05 20:59:17,588 INFO 13600 [egg-security] use xssProtection middleware
2020-01-05 20:59:17,588 INFO 13600 [egg-security] use xframe middleware
2020-01-05 20:59:17,589 INFO 13600 [egg-security] use dta middleware
2020-01-05 20:59:17,589 INFO 13600 [egg-security] compose 6 middlewares into one security middleware
2020-01-05 20:59:17,598 INFO 13600 [egg:core] dump config after load, 6ms
2020-01-05 20:59:17,720 INFO 13600 [egg-watcher:application] watcher start success
2020-01-05 20:59:18,312 INFO 13600 [egg:core] dump config after ready, 4ms
2020-01-05 21:23:00,376 INFO 6132 [egg:logger] init all loggers with options: {"dir":"D:\\Programming\\workspace\\hexo\\hexo-admin\\logs\\hexo-admin","encoding":"utf8","env":"local","level":"INFO","consoleLevel":"INFO","disableConsoleAfterReady":false,"outputJSON":false,"buffer":true,"appLogName":"hexo-admin-web.log","coreLogName":"egg-web.log","agentLogName":"egg-agent.log","errorLogName":"common-error.log","coreLogger":{"consoleLevel":"WARN"},"allowDebugAtProd":false,"type":"application"}
2020-01-05 21:23:00,407 INFO 6132 [egg-multipart] stream mode enable
2020-01-05 21:23:00,467 INFO 6132 [egg-static] starting static serve / -> D:\Programming\workspace\hexo\hexo-admin\dist
2020-01-05 21:23:00,468 INFO 6132 [egg-static] starting static serve / -> D:\Programming\workspace\hexo\hexo-admin\app\public
2020-01-05 21:23:00,470 INFO 6132 [egg-security] use methodnoallow middleware
2020-01-05 21:23:00,470 INFO 6132 [egg-security] use noopen middleware
2020-01-05 21:23:00,471 INFO 6132 [egg-security] use nosniff middleware
2020-01-05 21:23:00,472 INFO 6132 [egg-security] use xssProtection middleware
2020-01-05 21:23:00,472 INFO 6132 [egg-security] use xframe middleware
2020-01-05 21:23:00,473 INFO 6132 [egg-security] use dta middleware
2020-01-05 21:23:00,473 INFO 6132 [egg-security] compose 6 middlewares into one security middleware
2020-01-05 21:23:00,482 INFO 6132 [egg:core] dump config after load, 5ms
2020-01-05 21:23:00,621 INFO 6132 [egg-watcher:application] watcher start success
2020-01-05 21:23:01,248 INFO 6132 [egg:core] dump config after ready, 5ms
2020-01-05 21:24:39,682 INFO 10900 [egg:logger] init all loggers with options: {"dir":"D:\\Programming\\workspace\\hexo\\hexo-admin\\logs\\hexo-admin","encoding":"utf8","env":"local","level":"INFO","consoleLevel":"INFO","disableConsoleAfterReady":false,"outputJSON":false,"buffer":true,"appLogName":"hexo-admin-web.log","coreLogName":"egg-web.log","agentLogName":"egg-agent.log","errorLogName":"common-error.log","coreLogger":{"consoleLevel":"WARN"},"allowDebugAtProd":false,"type":"application"}
2020-01-05 21:24:39,712 INFO 10900 [egg-multipart] stream mode enable
2020-01-05 21:24:39,770 INFO 10900 [egg-static] starting static serve / -> D:\Programming\workspace\hexo\hexo-admin\dist
2020-01-05 21:24:39,771 INFO 10900 [egg-static] starting static serve / -> D:\Programming\workspace\hexo\hexo-admin\app\public
2020-01-05 21:24:39,773 INFO 10900 [egg-security] use methodnoallow middleware
2020-01-05 21:24:39,774 INFO 10900 [egg-security] use noopen middleware
2020-01-05 21:24:39,775 INFO 10900 [egg-security] use nosniff middleware
2020-01-05 21:24:39,775 INFO 10900 [egg-security] use xssProtection middleware
2020-01-05 21:24:39,776 INFO 10900 [egg-security] use xframe middleware
2020-01-05 21:24:39,776 INFO 10900 [egg-security] use dta middleware
2020-01-05 21:24:39,776 INFO 10900 [egg-security] compose 6 middlewares into one security middleware
2020-01-05 21:24:39,786 INFO 10900 [egg:core] dump config after load, 6ms
2020-01-05 21:24:39,915 INFO 10900 [egg-watcher:application] watcher start success
2020-01-05 21:24:40,530 INFO 10900 [egg:core] dump config after ready, 4ms
2020-01-05 21:25:44,732 INFO 10632 [egg:logger] init all loggers with options: {"dir":"D:\\Programming\\workspace\\hexo\\hexo-admin\\logs\\hexo-admin","encoding":"utf8","env":"local","level":"INFO","consoleLevel":"INFO","disableConsoleAfterReady":false,"outputJSON":false,"buffer":true,"appLogName":"hexo-admin-web.log","coreLogName":"egg-web.log","agentLogName":"egg-agent.log","errorLogName":"common-error.log","coreLogger":{"consoleLevel":"WARN"},"allowDebugAtProd":false,"type":"application"}
2020-01-05 21:25:44,763 INFO 10632 [egg-multipart] stream mode enable
2020-01-05 21:25:44,825 INFO 10632 [egg-static] starting static serve / -> D:\Programming\workspace\hexo\hexo-admin\dist
2020-01-05 21:25:44,826 INFO 10632 [egg-static] starting static serve / -> D:\Programming\workspace\hexo\hexo-admin\app\public
2020-01-05 21:25:44,828 INFO 10632 [egg-security] use methodnoallow middleware
2020-01-05 21:25:44,828 INFO 10632 [egg-security] use noopen middleware
2020-01-05 21:25:44,829 INFO 10632 [egg-security] use nosniff middleware
2020-01-05 21:25:44,830 INFO 10632 [egg-security] use xssProtection middleware
2020-01-05 21:25:44,830 INFO 10632 [egg-security] use xframe middleware
2020-01-05 21:25:44,831 INFO 10632 [egg-security] use dta middleware
2020-01-05 21:25:44,831 INFO 10632 [egg-security] compose 6 middlewares into one security middleware
2020-01-05 21:25:44,840 INFO 10632 [egg:core] dump config after load, 6ms
2020-01-05 21:25:44,971 INFO 10632 [egg-watcher:application] watcher start success
2020-01-05 21:25:45,628 INFO 10632 [egg:core] dump config after ready, 4ms
2020-01-05 21:31:55,941 INFO 9840 [egg:logger] init all loggers with options: {"dir":"D:\\Programming\\workspace\\hexo\\hexo-admin\\logs\\hexo-admin","encoding":"utf8","env":"local","level":"INFO","consoleLevel":"INFO","disableConsoleAfterReady":false,"outputJSON":false,"buffer":true,"appLogName":"hexo-admin-web.log","coreLogName":"egg-web.log","agentLogName":"egg-agent.log","errorLogName":"common-error.log","coreLogger":{"consoleLevel":"WARN"},"allowDebugAtProd":false,"type":"application"}
2020-01-05 21:31:55,972 INFO 9840 [egg-multipart] stream mode enable
2020-01-05 21:31:56,035 INFO 9840 [egg-static] starting static serve / -> D:\Programming\workspace\hexo\hexo-admin\dist
2020-01-05 21:31:56,036 INFO 9840 [egg-static] starting static serve / -> D:\Programming\workspace\hexo\hexo-admin\app\public
2020-01-05 21:31:56,038 INFO 9840 [egg-security] use methodnoallow middleware
2020-01-05 21:31:56,038 INFO 9840 [egg-security] use noopen middleware
2020-01-05 21:31:56,039 INFO 9840 [egg-security] use nosniff middleware
2020-01-05 21:31:56,040 INFO 9840 [egg-security] use xssProtection middleware
2020-01-05 21:31:56,040 INFO 9840 [egg-security] use xframe middleware
2020-01-05 21:31:56,041 INFO 9840 [egg-security] use dta middleware
2020-01-05 21:31:56,041 INFO 9840 [egg-security] compose 6 middlewares into one security middleware
2020-01-05 21:31:56,051 INFO 9840 [egg:core] dump config after load, 6ms
2020-01-05 21:31:56,183 INFO 9840 [egg-watcher:application] watcher start success
2020-01-05 21:31:56,817 INFO 9840 [egg:core] dump config after ready, 28ms
2020-01-05 21:32:37,370 INFO 2152 [egg:logger] init all loggers with options: {"dir":"D:\\Programming\\workspace\\hexo\\hexo-admin\\logs\\hexo-admin","encoding":"utf8","env":"local","level":"INFO","consoleLevel":"INFO","disableConsoleAfterReady":false,"outputJSON":false,"buffer":true,"appLogName":"hexo-admin-web.log","coreLogName":"egg-web.log","agentLogName":"egg-agent.log","errorLogName":"common-error.log","coreLogger":{"consoleLevel":"WARN"},"allowDebugAtProd":false,"type":"application"}
2020-01-05 21:32:37,401 INFO 2152 [egg-multipart] stream mode enable
2020-01-05 21:32:37,466 INFO 2152 [egg-static] starting static serve / -> D:\Programming\workspace\hexo\hexo-admin\dist
2020-01-05 21:32:37,466 INFO 2152 [egg-static] starting static serve / -> D:\Programming\workspace\hexo\hexo-admin\app\public
2020-01-05 21:32:37,469 INFO 2152 [egg-security] use methodnoallow middleware
2020-01-05 21:32:37,469 INFO 2152 [egg-security] use noopen middleware
2020-01-05 21:32:37,470 INFO 2152 [egg-security] use nosniff middleware
2020-01-05 21:32:37,470 INFO 2152 [egg-security] use xssProtection middleware
2020-01-05 21:32:37,471 INFO 2152 [egg-security] use xframe middleware
2020-01-05 21:32:37,471 INFO 2152 [egg-security] use dta middleware
2020-01-05 21:32:37,471 INFO 2152 [egg-security] compose 6 middlewares into one security middleware
2020-01-05 21:32:37,481 INFO 2152 [egg:core] dump config after load, 5ms
2020-01-05 21:32:37,621 INFO 2152 [egg-watcher:application] watcher start success
2020-01-05 21:32:38,243 INFO 2152 [egg:core] dump config after ready, 4ms
2020-01-05 21:32:40,552 INFO 5588 [egg:logger] init all loggers with options: {"dir":"D:\\Programming\\workspace\\hexo\\hexo-admin\\logs\\hexo-admin","encoding":"utf8","env":"local","level":"INFO","consoleLevel":"INFO","disableConsoleAfterReady":false,"outputJSON":false,"buffer":true,"appLogName":"hexo-admin-web.log","coreLogName":"egg-web.log","agentLogName":"egg-agent.log","errorLogName":"common-error.log","coreLogger":{"consoleLevel":"WARN"},"allowDebugAtProd":false,"type":"application"}
2020-01-05 21:32:40,583 INFO 5588 [egg-multipart] stream mode enable
2020-01-05 21:32:40,646 INFO 5588 [egg-static] starting static serve / -> D:\Programming\workspace\hexo\hexo-admin\dist
2020-01-05 21:32:40,646 INFO 5588 [egg-static] starting static serve / -> D:\Programming\workspace\hexo\hexo-admin\app\public
2020-01-05 21:32:40,648 INFO 5588 [egg-security] use methodnoallow middleware
2020-01-05 21:32:40,649 INFO 5588 [egg-security] use noopen middleware
2020-01-05 21:32:40,650 INFO 5588 [egg-security] use nosniff middleware
2020-01-05 21:32:40,651 INFO 5588 [egg-security] use xssProtection middleware
2020-01-05 21:32:40,651 INFO 5588 [egg-security] use xframe middleware
2020-01-05 21:32:40,652 INFO 5588 [egg-security] use dta middleware
2020-01-05 21:32:40,652 INFO 5588 [egg-security] compose 6 middlewares into one security middleware
2020-01-05 21:32:40,663 INFO 5588 [egg:core] dump config after load, 5ms
2020-01-05 21:32:40,803 INFO 5588 [egg-watcher:application] watcher start success
2020-01-05 21:32:41,458 INFO 5588 [egg:core] dump config after ready, 4ms
2020-01-05 21:33:38,890 INFO 10100 [egg:logger] init all loggers with options: {"dir":"D:\\Programming\\workspace\\hexo\\hexo-admin\\logs\\hexo-admin","encoding":"utf8","env":"local","level":"INFO","consoleLevel":"INFO","disableConsoleAfterReady":false,"outputJSON":false,"buffer":true,"appLogName":"hexo-admin-web.log","coreLogName":"egg-web.log","agentLogName":"egg-agent.log","errorLogName":"common-error.log","coreLogger":{"consoleLevel":"WARN"},"allowDebugAtProd":false,"type":"application"}
2020-01-05 21:33:38,926 INFO 10100 [egg-multipart] stream mode enable
2020-01-05 21:33:38,992 INFO 10100 [egg-static] starting static serve / -> D:\Programming\workspace\hexo\hexo-admin\dist
2020-01-05 21:33:38,993 INFO 10100 [egg-static] starting static serve / -> D:\Programming\workspace\hexo\hexo-admin\app\public
2020-01-05 21:33:38,995 INFO 10100 [egg-security] use methodnoallow middleware
2020-01-05 21:33:38,996 INFO 10100 [egg-security] use noopen middleware
2020-01-05 21:33:38,997 INFO 10100 [egg-security] use nosniff middleware
2020-01-05 21:33:38,997 INFO 10100 [egg-security] use xssProtection middleware
2020-01-05 21:33:38,998 INFO 10100 [egg-security] use xframe middleware
2020-01-05 21:33:38,998 INFO 10100 [egg-security] use dta middleware
2020-01-05 21:33:38,998 INFO 10100 [egg-security] compose 6 middlewares into one security middleware
2020-01-05 21:33:39,011 INFO 10100 [egg:core] dump config after load, 8ms
2020-01-05 21:33:39,166 INFO 10100 [egg-watcher:application] watcher start success
2020-01-05 21:33:39,791 INFO 10100 [egg:core] dump config after ready, 4ms
2020-01-05 21:33:48,810 INFO 12804 [egg:logger] init all loggers with options: {"dir":"D:\\Programming\\workspace\\hexo\\hexo-admin\\logs\\hexo-admin","encoding":"utf8","env":"local","level":"INFO","consoleLevel":"INFO","disableConsoleAfterReady":false,"outputJSON":false,"buffer":true,"appLogName":"hexo-admin-web.log","coreLogName":"egg-web.log","agentLogName":"egg-agent.log","errorLogName":"common-error.log","coreLogger":{"consoleLevel":"WARN"},"allowDebugAtProd":false,"type":"application"}
2020-01-05 21:33:48,839 INFO 12804 [egg-multipart] stream mode enable
2020-01-05 21:33:48,896 INFO 12804 [egg-static] starting static serve / -> D:\Programming\workspace\hexo\hexo-admin\dist
2020-01-05 21:33:48,897 INFO 12804 [egg-static] starting static serve / -> D:\Programming\workspace\hexo\hexo-admin\app\public
2020-01-05 21:33:48,899 INFO 12804 [egg-security] use methodnoallow middleware
2020-01-05 21:33:48,900 INFO 12804 [egg-security] use noopen middleware
2020-01-05 21:33:48,901 INFO 12804 [egg-security] use nosniff middleware
2020-01-05 21:33:48,901 INFO 12804 [egg-security] use xssProtection middleware
2020-01-05 21:33:48,902 INFO 12804 [egg-security] use xframe middleware
2020-01-05 21:33:48,902 INFO 12804 [egg-security] use dta middleware
2020-01-05 21:33:48,902 INFO 12804 [egg-security] compose 6 middlewares into one security middleware
2020-01-05 21:33:48,911 INFO 12804 [egg:core] dump config after load, 5ms
2020-01-05 21:33:49,035 INFO 12804 [egg-watcher:application] watcher start success
2020-01-05 21:33:49,688 INFO 12804 [egg:core] dump config after ready, 35ms
2020-01-05 21:34:00,180 INFO 14112 [egg:logger] init all loggers with options: {"dir":"D:\\Programming\\workspace\\hexo\\hexo-admin\\logs\\hexo-admin","encoding":"utf8","env":"local","level":"INFO","consoleLevel":"INFO","disableConsoleAfterReady":false,"outputJSON":false,"buffer":true,"appLogName":"hexo-admin-web.log","coreLogName":"egg-web.log","agentLogName":"egg-agent.log","errorLogName":"common-error.log","coreLogger":{"consoleLevel":"WARN"},"allowDebugAtProd":false,"type":"application"}
2020-01-05 21:34:00,211 INFO 14112 [egg-multipart] stream mode enable
2020-01-05 21:34:00,274 INFO 14112 [egg-static] starting static serve / -> D:\Programming\workspace\hexo\hexo-admin\dist
2020-01-05 21:34:00,274 INFO 14112 [egg-static] starting static serve / -> D:\Programming\workspace\hexo\hexo-admin\app\public
2020-01-05 21:34:00,277 INFO 14112 [egg-security] use methodnoallow middleware
2020-01-05 21:34:00,277 INFO 14112 [egg-security] use noopen middleware
2020-01-05 21:34:00,278 INFO 14112 [egg-security] use nosniff middleware
2020-01-05 21:34:00,279 INFO 14112 [egg-security] use xssProtection middleware
2020-01-05 21:34:00,279 INFO 14112 [egg-security] use xframe middleware
2020-01-05 21:34:00,280 INFO 14112 [egg-security] use dta middleware
2020-01-05 21:34:00,280 INFO 14112 [egg-security] compose 6 middlewares into one security middleware
2020-01-05 21:34:00,290 INFO 14112 [egg:core] dump config after load, 6ms
2020-01-05 21:34:00,424 INFO 14112 [egg-watcher:application] watcher start success
2020-01-05 21:34:01,110 INFO 14112 [egg:core] dump config after ready, 4ms
2020-01-05 21:36:46,351 INFO 2484 [egg:logger] init all loggers with options: {"dir":"D:\\Programming\\workspace\\hexo\\hexo-admin\\logs\\hexo-admin","encoding":"utf8","env":"local","level":"INFO","consoleLevel":"INFO","disableConsoleAfterReady":false,"outputJSON":false,"buffer":true,"appLogName":"hexo-admin-web.log","coreLogName":"egg-web.log","agentLogName":"egg-agent.log","errorLogName":"common-error.log","coreLogger":{"consoleLevel":"WARN"},"allowDebugAtProd":false,"type":"application"}
2020-01-05 21:36:46,381 INFO 2484 [egg-multipart] stream mode enable
2020-01-05 21:36:46,441 INFO 2484 [egg-static] starting static serve / -> D:\Programming\workspace\hexo\hexo-admin\dist
2020-01-05 21:36:46,441 INFO 2484 [egg-static] starting static serve / -> D:\Programming\workspace\hexo\hexo-admin\app\public
2020-01-05 21:36:46,443 INFO 2484 [egg-security] use methodnoallow middleware
2020-01-05 21:36:46,444 INFO 2484 [egg-security] use noopen middleware
2020-01-05 21:36:46,445 INFO 2484 [egg-security] use nosniff middleware
2020-01-05 21:36:46,445 INFO 2484 [egg-security] use xssProtection middleware
2020-01-05 21:36:46,446 INFO 2484 [egg-security] use xframe middleware
2020-01-05 21:36:46,446 INFO 2484 [egg-security] use dta middleware
2020-01-05 21:36:46,446 INFO 2484 [egg-security] compose 6 middlewares into one security middleware
2020-01-05 21:36:46,455 INFO 2484 [egg:core] dump config after load, 5ms
2020-01-05 21:36:46,584 INFO 2484 [egg-watcher:application] watcher start success
2020-01-05 21:36:47,220 INFO 2484 [egg:core] dump config after ready, 8ms
2020-01-05 21:45:30,202 INFO 4460 [egg:logger] init all loggers with options: {"dir":"D:\\Programming\\workspace\\hexo\\hexo-admin\\logs\\hexo-admin","encoding":"utf8","env":"local","level":"INFO","consoleLevel":"INFO","disableConsoleAfterReady":false,"outputJSON":false,"buffer":true,"appLogName":"hexo-admin-web.log","coreLogName":"egg-web.log","agentLogName":"egg-agent.log","errorLogName":"common-error.log","coreLogger":{"consoleLevel":"WARN"},"allowDebugAtProd":false,"type":"application"}
2020-01-05 21:45:30,236 INFO 4460 [egg-multipart] stream mode enable
2020-01-05 21:45:30,293 INFO 4460 [egg-static] starting static serve / -> D:\Programming\workspace\hexo\hexo-admin\dist
2020-01-05 21:45:30,294 INFO 4460 [egg-static] starting static serve / -> D:\Programming\workspace\hexo\hexo-admin\app\public
2020-01-05 21:45:30,296 INFO 4460 [egg-security] use methodnoallow middleware
2020-01-05 21:45:30,296 INFO 4460 [egg-security] use noopen middleware
2020-01-05 21:45:30,297 INFO 4460 [egg-security] use nosniff middleware
2020-01-05 21:45:30,297 INFO 4460 [egg-security] use xssProtection middleware
2020-01-05 21:45:30,298 INFO 4460 [egg-security] use xframe middleware
2020-01-05 21:45:30,298 INFO 4460 [egg-security] use dta middleware
2020-01-05 21:45:30,298 INFO 4460 [egg-security] compose 6 middlewares into one security middleware
2020-01-05 21:45:30,308 INFO 4460 [egg:core] dump config after load, 5ms
2020-01-05 21:45:30,436 INFO 4460 [egg-watcher:application] watcher start success
2020-01-05 21:45:31,103 INFO 4460 [egg:core] dump config after ready, 27ms
2020-01-05 21:46:23,981 INFO 12300 [egg:logger] init all loggers with options: {"dir":"D:\\Programming\\workspace\\hexo\\hexo-admin\\logs\\hexo-admin","encoding":"utf8","env":"local","level":"INFO","consoleLevel":"INFO","disableConsoleAfterReady":false,"outputJSON":false,"buffer":true,"appLogName":"hexo-admin-web.log","coreLogName":"egg-web.log","agentLogName":"egg-agent.log","errorLogName":"common-error.log","coreLogger":{"consoleLevel":"WARN"},"allowDebugAtProd":false,"type":"application"}
2020-01-05 21:46:24,011 INFO 12300 [egg-multipart] stream mode enable
2020-01-05 21:46:24,071 INFO 12300 [egg-static] starting static serve / -> D:\Programming\workspace\hexo\hexo-admin\dist
2020-01-05 21:46:24,072 INFO 12300 [egg-static] starting static serve / -> D:\Programming\workspace\hexo\hexo-admin\app\public
2020-01-05 21:46:24,074 INFO 12300 [egg-security] use methodnoallow middleware
2020-01-05 21:46:24,075 INFO 12300 [egg-security] use noopen middleware
2020-01-05 21:46:24,076 INFO 12300 [egg-security] use nosniff middleware
2020-01-05 21:46:24,076 INFO 12300 [egg-security] use xssProtection middleware
2020-01-05 21:46:24,077 INFO 12300 [egg-security] use xframe middleware
2020-01-05 21:46:24,078 INFO 12300 [egg-security] use dta middleware
2020-01-05 21:46:24,078 INFO 12300 [egg-security] compose 6 middlewares into one security middleware
2020-01-05 21:46:24,087 INFO 12300 [egg:core] dump config after load, 6ms
2020-01-05 21:46:24,218 INFO 12300 [egg-watcher:application] watcher start success
2020-01-05 21:46:24,895 INFO 12300 [egg:core] dump config after ready, 5ms
2020-01-05 21:46:45,534 INFO 4296 [egg:logger] init all loggers with options: {"dir":"D:\\Programming\\workspace\\hexo\\hexo-admin\\logs\\hexo-admin","encoding":"utf8","env":"local","level":"INFO","consoleLevel":"INFO","disableConsoleAfterReady":false,"outputJSON":false,"buffer":true,"appLogName":"hexo-admin-web.log","coreLogName":"egg-web.log","agentLogName":"egg-agent.log","errorLogName":"common-error.log","coreLogger":{"consoleLevel":"WARN"},"allowDebugAtProd":false,"type":"application"}
2020-01-05 21:46:45,567 INFO 4296 [egg-multipart] stream mode enable
2020-01-05 21:46:45,631 INFO 4296 [egg-static] starting static serve / -> D:\Programming\workspace\hexo\hexo-admin\dist
2020-01-05 21:46:45,631 INFO 4296 [egg-static] starting static serve / -> D:\Programming\workspace\hexo\hexo-admin\app\public
2020-01-05 21:46:45,634 INFO 4296 [egg-security] use methodnoallow middleware
2020-01-05 21:46:45,634 INFO 4296 [egg-security] use noopen middleware
2020-01-05 21:46:45,635 INFO 4296 [egg-security] use nosniff middleware
2020-01-05 21:46:45,636 INFO 4296 [egg-security] use xssProtection middleware
2020-01-05 21:46:45,636 INFO 4296 [egg-security] use xframe middleware
2020-01-05 21:46:45,637 INFO 4296 [egg-security] use dta middleware
2020-01-05 21:46:45,637 INFO 4296 [egg-security] compose 6 middlewares into one security middleware
2020-01-05 21:46:45,647 INFO 4296 [egg:core] dump config after load, 6ms
2020-01-05 21:46:45,780 INFO 4296 [egg-watcher:application] watcher start success
2020-01-05 21:46:46,444 INFO 4296 [egg:core] dump config after ready, 7ms
2020-01-05 21:46:50,265 INFO 14084 [egg:logger] init all loggers with options: {"dir":"D:\\Programming\\workspace\\hexo\\hexo-admin\\logs\\hexo-admin","encoding":"utf8","env":"local","level":"INFO","consoleLevel":"INFO","disableConsoleAfterReady":false,"outputJSON":false,"buffer":true,"appLogName":"hexo-admin-web.log","coreLogName":"egg-web.log","agentLogName":"egg-agent.log","errorLogName":"common-error.log","coreLogger":{"consoleLevel":"WARN"},"allowDebugAtProd":false,"type":"application"}
2020-01-05 21:46:50,299 INFO 14084 [egg-multipart] stream mode enable
2020-01-05 21:46:50,361 INFO 14084 [egg-static] starting static serve / -> D:\Programming\workspace\hexo\hexo-admin\dist
2020-01-05 21:46:50,362 INFO 14084 [egg-static] starting static serve / -> D:\Programming\workspace\hexo\hexo-admin\app\public
2020-01-05 21:46:50,364 INFO 14084 [egg-security] use methodnoallow middleware
2020-01-05 21:46:50,365 INFO 14084 [egg-security] use noopen middleware
2020-01-05 21:46:50,366 INFO 14084 [egg-security] use nosniff middleware
2020-01-05 21:46:50,366 INFO 14084 [egg-security] use xssProtection middleware
2020-01-05 21:46:50,367 INFO 14084 [egg-security] use xframe middleware
2020-01-05 21:46:50,368 INFO 14084 [egg-security] use dta middleware
2020-01-05 21:46:50,368 INFO 14084 [egg-security] compose 6 middlewares into one security middleware
2020-01-05 21:46:50,377 INFO 14084 [egg:core] dump config after load, 6ms
2020-01-05 21:46:50,509 INFO 14084 [egg-watcher:application] watcher start success
2020-01-05 21:46:51,148 INFO 14084 [egg:core] dump config after ready, 5ms
2020-01-05 21:49:40,245 INFO 2424 [egg:logger] init all loggers with options: {"dir":"D:\\Programming\\workspace\\hexo\\hexo-admin\\logs\\hexo-admin","encoding":"utf8","env":"local","level":"INFO","consoleLevel":"INFO","disableConsoleAfterReady":false,"outputJSON":false,"buffer":true,"appLogName":"hexo-admin-web.log","coreLogName":"egg-web.log","agentLogName":"egg-agent.log","errorLogName":"common-error.log","coreLogger":{"consoleLevel":"WARN"},"allowDebugAtProd":false,"type":"application"}
2020-01-05 21:49:40,274 INFO 2424 [egg-multipart] stream mode enable
2020-01-05 21:49:40,332 INFO 2424 [egg-static] starting static serve / -> D:\Programming\workspace\hexo\hexo-admin\dist
2020-01-05 21:49:40,332 INFO 2424 [egg-static] starting static serve / -> D:\Programming\workspace\hexo\hexo-admin\app\public
2020-01-05 21:49:40,334 INFO 2424 [egg-security] use methodnoallow middleware
2020-01-05 21:49:40,335 INFO 2424 [egg-security] use noopen middleware
2020-01-05 21:49:40,336 INFO 2424 [egg-security] use nosniff middleware
2020-01-05 21:49:40,336 INFO 2424 [egg-security] use xssProtection middleware
2020-01-05 21:49:40,336 INFO 2424 [egg-security] use xframe middleware
2020-01-05 21:49:40,337 INFO 2424 [egg-security] use dta middleware
2020-01-05 21:49:40,337 INFO 2424 [egg-security] compose 6 middlewares into one security middleware
2020-01-05 21:49:40,346 INFO 2424 [egg:core] dump config after load, 5ms
2020-01-05 21:49:40,467 INFO 2424 [egg-watcher:application] watcher start success
2020-01-05 21:49:41,122 INFO 2424 [egg:core] dump config after ready, 23ms
