2020-01-05 16:53:12,793 INFO 6408 [Timer] D:\Programming\workspace\hexo\hexo-admin\node_modules\egg-multipart\app\schedule\clean_tmpdir.js next time will execute after 41807210ms at 2020-01-06 04:30:00.003
2020-01-05 16:53:12,793 INFO 6408 [Timer] D:\Programming\workspace\hexo\hexo-admin\node_modules\egg-logrotator\app\schedule\clean_log.js next time will execute after 25607207ms at 2020-01-06 00:00:00.000
2020-01-05 16:53:12,794 INFO 6408 [Timer] D:\Programming\workspace\hexo\hexo-admin\node_modules\egg-logrotator\app\schedule\rotate_by_file.js next time will execute after 25608207ms at 2020-01-06 00:00:01.001
2020-01-05 16:53:12,674 INFO 9968 [egg-schedule]: register schedule D:\Programming\workspace\hexo\hexo-admin\node_modules\egg-multipart\app\schedule\clean_tmpdir.js
2020-01-05 16:53:12,674 INFO 9968 [egg-schedule]: register schedule D:\Programming\workspace\hexo\hexo-admin\node_modules\egg-logrotator\app\schedule\clean_log.js
2020-01-05 16:53:12,674 INFO 9968 [egg-schedule]: register schedule D:\Programming\workspace\hexo\hexo-admin\node_modules\egg-logrotator\app\schedule\rotate_by_file.js
2020-01-05 16:57:34,768 INFO 13996 [egg-schedule]: register schedule D:\Programming\workspace\hexo\hexo-admin\node_modules\egg-multipart\app\schedule\clean_tmpdir.js
2020-01-05 16:57:34,768 INFO 13996 [egg-schedule]: register schedule D:\Programming\workspace\hexo\hexo-admin\node_modules\egg-logrotator\app\schedule\clean_log.js
2020-01-05 16:57:34,768 INFO 13996 [egg-schedule]: register schedule D:\Programming\workspace\hexo\hexo-admin\node_modules\egg-logrotator\app\schedule\rotate_by_file.js
2020-01-05 16:57:35,487 INFO 1400 [Timer] D:\Programming\workspace\hexo\hexo-admin\node_modules\egg-multipart\app\schedule\clean_tmpdir.js next time will execute after 41544516ms at 2020-01-06 04:30:00.003
2020-01-05 16:57:35,487 INFO 1400 [Timer] D:\Programming\workspace\hexo\hexo-admin\node_modules\egg-logrotator\app\schedule\clean_log.js next time will execute after 25344513ms at 2020-01-06 00:00:00.000
2020-01-05 16:57:35,488 INFO 1400 [Timer] D:\Programming\workspace\hexo\hexo-admin\node_modules\egg-logrotator\app\schedule\rotate_by_file.js next time will execute after 25345513ms at 2020-01-06 00:00:01.001
2020-01-05 16:58:39,003 INFO 11332 [egg-schedule]: register schedule D:\Programming\workspace\hexo\hexo-admin\node_modules\egg-multipart\app\schedule\clean_tmpdir.js
2020-01-05 16:58:39,003 INFO 11332 [egg-schedule]: register schedule D:\Programming\workspace\hexo\hexo-admin\node_modules\egg-logrotator\app\schedule\clean_log.js
2020-01-05 16:58:39,003 INFO 11332 [egg-schedule]: register schedule D:\Programming\workspace\hexo\hexo-admin\node_modules\egg-logrotator\app\schedule\rotate_by_file.js
2020-01-05 16:58:39,619 INFO 9916 [Timer] D:\Programming\workspace\hexo\hexo-admin\node_modules\egg-multipart\app\schedule\clean_tmpdir.js next time will execute after 41480384ms at 2020-01-06 04:30:00.003
2020-01-05 16:58:39,619 INFO 9916 [Timer] D:\Programming\workspace\hexo\hexo-admin\node_modules\egg-logrotator\app\schedule\clean_log.js next time will execute after 25280381ms at 2020-01-06 00:00:00.000
2020-01-05 16:58:39,620 INFO 9916 [Timer] D:\Programming\workspace\hexo\hexo-admin\node_modules\egg-logrotator\app\schedule\rotate_by_file.js next time will execute after 25281381ms at 2020-01-06 00:00:01.001
2020-01-05 16:58:58,296 INFO 14152 [egg-schedule]: register schedule D:\Programming\workspace\hexo\hexo-admin\node_modules\egg-multipart\app\schedule\clean_tmpdir.js
2020-01-05 16:58:58,296 INFO 14152 [egg-schedule]: register schedule D:\Programming\workspace\hexo\hexo-admin\node_modules\egg-logrotator\app\schedule\clean_log.js
2020-01-05 16:58:58,296 INFO 14152 [egg-schedule]: register schedule D:\Programming\workspace\hexo\hexo-admin\node_modules\egg-logrotator\app\schedule\rotate_by_file.js
2020-01-05 17:29:22,327 INFO 13900 [egg-schedule]: register schedule D:\Programming\workspace\hexo\hexo-admin\node_modules\egg-multipart\app\schedule\clean_tmpdir.js
2020-01-05 17:29:22,327 INFO 13900 [egg-schedule]: register schedule D:\Programming\workspace\hexo\hexo-admin\node_modules\egg-logrotator\app\schedule\clean_log.js
2020-01-05 17:29:22,327 INFO 13900 [egg-schedule]: register schedule D:\Programming\workspace\hexo\hexo-admin\node_modules\egg-logrotator\app\schedule\rotate_by_file.js
2020-01-05 17:29:27,830 INFO 11580 [egg-schedule]: register schedule D:\Programming\workspace\hexo\hexo-admin\node_modules\egg-multipart\app\schedule\clean_tmpdir.js
2020-01-05 17:29:27,830 INFO 11580 [egg-schedule]: register schedule D:\Programming\workspace\hexo\hexo-admin\node_modules\egg-logrotator\app\schedule\clean_log.js
2020-01-05 17:29:27,830 INFO 11580 [egg-schedule]: register schedule D:\Programming\workspace\hexo\hexo-admin\node_modules\egg-logrotator\app\schedule\rotate_by_file.js
2020-01-05 17:29:33,644 INFO 14184 [egg-schedule]: register schedule D:\Programming\workspace\hexo\hexo-admin\node_modules\egg-multipart\app\schedule\clean_tmpdir.js
2020-01-05 17:29:33,644 INFO 14184 [egg-schedule]: register schedule D:\Programming\workspace\hexo\hexo-admin\node_modules\egg-logrotator\app\schedule\clean_log.js
2020-01-05 17:29:33,644 INFO 14184 [egg-schedule]: register schedule D:\Programming\workspace\hexo\hexo-admin\node_modules\egg-logrotator\app\schedule\rotate_by_file.js
2020-01-05 17:30:53,005 INFO 5076 [egg-schedule]: register schedule D:\Programming\workspace\hexo\hexo-admin\node_modules\egg-multipart\app\schedule\clean_tmpdir.js
2020-01-05 17:30:53,005 INFO 5076 [egg-schedule]: register schedule D:\Programming\workspace\hexo\hexo-admin\node_modules\egg-logrotator\app\schedule\clean_log.js
2020-01-05 17:30:53,005 INFO 5076 [egg-schedule]: register schedule D:\Programming\workspace\hexo\hexo-admin\node_modules\egg-logrotator\app\schedule\rotate_by_file.js
2020-01-05 18:12:20,856 INFO 7652 [Timer] D:\Programming\workspace\hexo\hexo-admin\node_modules\egg-multipart\app\schedule\clean_tmpdir.js next time will execute after 37059146ms at 2020-01-06 04:30:00.002
2020-01-05 18:12:20,857 INFO 7652 [Timer] D:\Programming\workspace\hexo\hexo-admin\node_modules\egg-logrotator\app\schedule\clean_log.js next time will execute after 20859143ms at 2020-01-06 00:00:00.000
2020-01-05 18:12:20,857 INFO 7652 [Timer] D:\Programming\workspace\hexo\hexo-admin\node_modules\egg-logrotator\app\schedule\rotate_by_file.js next time will execute after 20860143ms at 2020-01-06 00:00:01.000
2020-01-05 18:12:20,245 INFO 14036 [egg-schedule]: register schedule D:\Programming\workspace\hexo\hexo-admin\node_modules\egg-multipart\app\schedule\clean_tmpdir.js
2020-01-05 18:12:20,245 INFO 14036 [egg-schedule]: register schedule D:\Programming\workspace\hexo\hexo-admin\node_modules\egg-logrotator\app\schedule\clean_log.js
2020-01-05 18:12:20,245 INFO 14036 [egg-schedule]: register schedule D:\Programming\workspace\hexo\hexo-admin\node_modules\egg-logrotator\app\schedule\rotate_by_file.js
2020-01-05 18:48:36,632 INFO 13528 [egg-schedule]: register schedule D:\Programming\workspace\hexo\hexo-admin\node_modules\egg-multipart\app\schedule\clean_tmpdir.js
2020-01-05 18:48:36,632 INFO 13528 [egg-schedule]: register schedule D:\Programming\workspace\hexo\hexo-admin\node_modules\egg-logrotator\app\schedule\clean_log.js
2020-01-05 18:48:36,632 INFO 13528 [egg-schedule]: register schedule D:\Programming\workspace\hexo\hexo-admin\node_modules\egg-logrotator\app\schedule\rotate_by_file.js
2020-01-05 19:00:39,722 INFO 14240 [egg-schedule]: register schedule D:\Programming\workspace\hexo\hexo-admin\node_modules\egg-multipart\app\schedule\clean_tmpdir.js
2020-01-05 19:00:39,722 INFO 14240 [egg-schedule]: register schedule D:\Programming\workspace\hexo\hexo-admin\node_modules\egg-logrotator\app\schedule\clean_log.js
2020-01-05 19:00:39,722 INFO 14240 [egg-schedule]: register schedule D:\Programming\workspace\hexo\hexo-admin\node_modules\egg-logrotator\app\schedule\rotate_by_file.js
2020-01-05 20:59:17,526 INFO 13600 [egg-schedule]: register schedule D:\Programming\workspace\hexo\hexo-admin\node_modules\egg-multipart\app\schedule\clean_tmpdir.js
2020-01-05 20:59:17,526 INFO 13600 [egg-schedule]: register schedule D:\Programming\workspace\hexo\hexo-admin\node_modules\egg-logrotator\app\schedule\clean_log.js
2020-01-05 20:59:17,526 INFO 13600 [egg-schedule]: register schedule D:\Programming\workspace\hexo\hexo-admin\node_modules\egg-logrotator\app\schedule\rotate_by_file.js
2020-01-05 21:23:00,406 INFO 6132 [egg-schedule]: register schedule D:\Programming\workspace\hexo\hexo-admin\node_modules\egg-multipart\app\schedule\clean_tmpdir.js
2020-01-05 21:23:00,406 INFO 6132 [egg-schedule]: register schedule D:\Programming\workspace\hexo\hexo-admin\node_modules\egg-logrotator\app\schedule\clean_log.js
2020-01-05 21:23:00,406 INFO 6132 [egg-schedule]: register schedule D:\Programming\workspace\hexo\hexo-admin\node_modules\egg-logrotator\app\schedule\rotate_by_file.js
2020-01-05 21:23:01,255 INFO 7024 [Timer] D:\Programming\workspace\hexo\hexo-admin\node_modules\egg-multipart\app\schedule\clean_tmpdir.js next time will execute after 25618748ms at 2020-01-06 04:30:00.003
2020-01-05 21:23:01,255 INFO 7024 [Timer] D:\Programming\workspace\hexo\hexo-admin\node_modules\egg-logrotator\app\schedule\clean_log.js next time will execute after 9418745ms at 2020-01-06 00:00:00.000
2020-01-05 21:23:01,256 INFO 7024 [Timer] D:\Programming\workspace\hexo\hexo-admin\node_modules\egg-logrotator\app\schedule\rotate_by_file.js next time will execute after 9419745ms at 2020-01-06 00:00:01.001
2020-01-05 21:24:39,712 INFO 10900 [egg-schedule]: register schedule D:\Programming\workspace\hexo\hexo-admin\node_modules\egg-multipart\app\schedule\clean_tmpdir.js
2020-01-05 21:24:39,712 INFO 10900 [egg-schedule]: register schedule D:\Programming\workspace\hexo\hexo-admin\node_modules\egg-logrotator\app\schedule\clean_log.js
2020-01-05 21:24:39,712 INFO 10900 [egg-schedule]: register schedule D:\Programming\workspace\hexo\hexo-admin\node_modules\egg-logrotator\app\schedule\rotate_by_file.js
2020-01-05 21:25:44,762 INFO 10632 [egg-schedule]: register schedule D:\Programming\workspace\hexo\hexo-admin\node_modules\egg-multipart\app\schedule\clean_tmpdir.js
2020-01-05 21:25:44,762 INFO 10632 [egg-schedule]: register schedule D:\Programming\workspace\hexo\hexo-admin\node_modules\egg-logrotator\app\schedule\clean_log.js
2020-01-05 21:25:44,762 INFO 10632 [egg-schedule]: register schedule D:\Programming\workspace\hexo\hexo-admin\node_modules\egg-logrotator\app\schedule\rotate_by_file.js
2020-01-05 21:31:55,971 INFO 9840 [egg-schedule]: register schedule D:\Programming\workspace\hexo\hexo-admin\node_modules\egg-multipart\app\schedule\clean_tmpdir.js
2020-01-05 21:31:55,971 INFO 9840 [egg-schedule]: register schedule D:\Programming\workspace\hexo\hexo-admin\node_modules\egg-logrotator\app\schedule\clean_log.js
2020-01-05 21:31:55,971 INFO 9840 [egg-schedule]: register schedule D:\Programming\workspace\hexo\hexo-admin\node_modules\egg-logrotator\app\schedule\rotate_by_file.js
2020-01-05 21:32:37,401 INFO 2152 [egg-schedule]: register schedule D:\Programming\workspace\hexo\hexo-admin\node_modules\egg-multipart\app\schedule\clean_tmpdir.js
2020-01-05 21:32:37,401 INFO 2152 [egg-schedule]: register schedule D:\Programming\workspace\hexo\hexo-admin\node_modules\egg-logrotator\app\schedule\clean_log.js
2020-01-05 21:32:37,401 INFO 2152 [egg-schedule]: register schedule D:\Programming\workspace\hexo\hexo-admin\node_modules\egg-logrotator\app\schedule\rotate_by_file.js
2020-01-05 21:32:40,583 INFO 5588 [egg-schedule]: register schedule D:\Programming\workspace\hexo\hexo-admin\node_modules\egg-multipart\app\schedule\clean_tmpdir.js
2020-01-05 21:32:40,583 INFO 5588 [egg-schedule]: register schedule D:\Programming\workspace\hexo\hexo-admin\node_modules\egg-logrotator\app\schedule\clean_log.js
2020-01-05 21:32:40,583 INFO 5588 [egg-schedule]: register schedule D:\Programming\workspace\hexo\hexo-admin\node_modules\egg-logrotator\app\schedule\rotate_by_file.js
2020-01-05 21:33:38,925 INFO 10100 [egg-schedule]: register schedule D:\Programming\workspace\hexo\hexo-admin\node_modules\egg-multipart\app\schedule\clean_tmpdir.js
2020-01-05 21:33:38,925 INFO 10100 [egg-schedule]: register schedule D:\Programming\workspace\hexo\hexo-admin\node_modules\egg-logrotator\app\schedule\clean_log.js
2020-01-05 21:33:38,925 INFO 10100 [egg-schedule]: register schedule D:\Programming\workspace\hexo\hexo-admin\node_modules\egg-logrotator\app\schedule\rotate_by_file.js
2020-01-05 21:33:48,839 INFO 12804 [egg-schedule]: register schedule D:\Programming\workspace\hexo\hexo-admin\node_modules\egg-multipart\app\schedule\clean_tmpdir.js
2020-01-05 21:33:48,839 INFO 12804 [egg-schedule]: register schedule D:\Programming\workspace\hexo\hexo-admin\node_modules\egg-logrotator\app\schedule\clean_log.js
2020-01-05 21:33:48,839 INFO 12804 [egg-schedule]: register schedule D:\Programming\workspace\hexo\hexo-admin\node_modules\egg-logrotator\app\schedule\rotate_by_file.js
2020-01-05 21:34:00,210 INFO 14112 [egg-schedule]: register schedule D:\Programming\workspace\hexo\hexo-admin\node_modules\egg-multipart\app\schedule\clean_tmpdir.js
2020-01-05 21:34:00,210 INFO 14112 [egg-schedule]: register schedule D:\Programming\workspace\hexo\hexo-admin\node_modules\egg-logrotator\app\schedule\clean_log.js
2020-01-05 21:34:00,210 INFO 14112 [egg-schedule]: register schedule D:\Programming\workspace\hexo\hexo-admin\node_modules\egg-logrotator\app\schedule\rotate_by_file.js
2020-01-05 21:36:46,381 INFO 2484 [egg-schedule]: register schedule D:\Programming\workspace\hexo\hexo-admin\node_modules\egg-multipart\app\schedule\clean_tmpdir.js
2020-01-05 21:36:46,381 INFO 2484 [egg-schedule]: register schedule D:\Programming\workspace\hexo\hexo-admin\node_modules\egg-logrotator\app\schedule\clean_log.js
2020-01-05 21:36:46,381 INFO 2484 [egg-schedule]: register schedule D:\Programming\workspace\hexo\hexo-admin\node_modules\egg-logrotator\app\schedule\rotate_by_file.js
2020-01-05 21:45:30,236 INFO 4460 [egg-schedule]: register schedule D:\Programming\workspace\hexo\hexo-admin\node_modules\egg-multipart\app\schedule\clean_tmpdir.js
2020-01-05 21:45:30,236 INFO 4460 [egg-schedule]: register schedule D:\Programming\workspace\hexo\hexo-admin\node_modules\egg-logrotator\app\schedule\clean_log.js
2020-01-05 21:45:30,236 INFO 4460 [egg-schedule]: register schedule D:\Programming\workspace\hexo\hexo-admin\node_modules\egg-logrotator\app\schedule\rotate_by_file.js
2020-01-05 21:46:24,010 INFO 12300 [egg-schedule]: register schedule D:\Programming\workspace\hexo\hexo-admin\node_modules\egg-multipart\app\schedule\clean_tmpdir.js
2020-01-05 21:46:24,011 INFO 12300 [egg-schedule]: register schedule D:\Programming\workspace\hexo\hexo-admin\node_modules\egg-logrotator\app\schedule\clean_log.js
2020-01-05 21:46:24,011 INFO 12300 [egg-schedule]: register schedule D:\Programming\workspace\hexo\hexo-admin\node_modules\egg-logrotator\app\schedule\rotate_by_file.js
2020-01-05 21:46:45,566 INFO 4296 [egg-schedule]: register schedule D:\Programming\workspace\hexo\hexo-admin\node_modules\egg-multipart\app\schedule\clean_tmpdir.js
2020-01-05 21:46:45,566 INFO 4296 [egg-schedule]: register schedule D:\Programming\workspace\hexo\hexo-admin\node_modules\egg-logrotator\app\schedule\clean_log.js
2020-01-05 21:46:45,566 INFO 4296 [egg-schedule]: register schedule D:\Programming\workspace\hexo\hexo-admin\node_modules\egg-logrotator\app\schedule\rotate_by_file.js
2020-01-05 21:46:50,299 INFO 14084 [egg-schedule]: register schedule D:\Programming\workspace\hexo\hexo-admin\node_modules\egg-multipart\app\schedule\clean_tmpdir.js
2020-01-05 21:46:50,299 INFO 14084 [egg-schedule]: register schedule D:\Programming\workspace\hexo\hexo-admin\node_modules\egg-logrotator\app\schedule\clean_log.js
2020-01-05 21:46:50,299 INFO 14084 [egg-schedule]: register schedule D:\Programming\workspace\hexo\hexo-admin\node_modules\egg-logrotator\app\schedule\rotate_by_file.js
2020-01-05 21:49:40,273 INFO 2424 [egg-schedule]: register schedule D:\Programming\workspace\hexo\hexo-admin\node_modules\egg-multipart\app\schedule\clean_tmpdir.js
2020-01-05 21:49:40,273 INFO 2424 [egg-schedule]: register schedule D:\Programming\workspace\hexo\hexo-admin\node_modules\egg-logrotator\app\schedule\clean_log.js
2020-01-05 21:49:40,273 INFO 2424 [egg-schedule]: register schedule D:\Programming\workspace\hexo\hexo-admin\node_modules\egg-logrotator\app\schedule\rotate_by_file.js
2020-01-06 19:35:16,809 INFO 428 [Timer] D:\Programming\workspace\hexo\hexo-writer\node_modules\egg-multipart\app\schedule\clean_tmpdir.js next time will execute after 32083194ms at 2020-01-07 04:30:00.003
2020-01-06 19:35:16,809 INFO 428 [Timer] D:\Programming\workspace\hexo\hexo-writer\node_modules\egg-logrotator\app\schedule\clean_log.js next time will execute after 15883191ms at 2020-01-07 00:00:00.000
2020-01-06 19:35:16,809 INFO 428 [Timer] D:\Programming\workspace\hexo\hexo-writer\node_modules\egg-logrotator\app\schedule\rotate_by_file.js next time will execute after 15884191ms at 2020-01-07 00:00:01.000
2020-01-06 19:35:16,334 INFO 4384 [egg-schedule]: register schedule D:\Programming\workspace\hexo\hexo-writer\node_modules\egg-multipart\app\schedule\clean_tmpdir.js
2020-01-06 19:35:16,334 INFO 4384 [egg-schedule]: register schedule D:\Programming\workspace\hexo\hexo-writer\node_modules\egg-logrotator\app\schedule\clean_log.js
2020-01-06 19:35:16,334 INFO 4384 [egg-schedule]: register schedule D:\Programming\workspace\hexo\hexo-writer\node_modules\egg-logrotator\app\schedule\rotate_by_file.js
2020-01-06 19:41:08,901 INFO 4760 [egg-schedule]: register schedule D:\Programming\workspace\hexo\hexo-writer\node_modules\egg-multipart\app\schedule\clean_tmpdir.js
2020-01-06 19:41:08,901 INFO 4760 [egg-schedule]: register schedule D:\Programming\workspace\hexo\hexo-writer\node_modules\egg-logrotator\app\schedule\clean_log.js
2020-01-06 19:41:08,901 INFO 4760 [egg-schedule]: register schedule D:\Programming\workspace\hexo\hexo-writer\node_modules\egg-logrotator\app\schedule\rotate_by_file.js
2020-01-06 19:41:32,042 INFO 6044 [egg-schedule]: register schedule D:\Programming\workspace\hexo\hexo-writer\node_modules\egg-multipart\app\schedule\clean_tmpdir.js
2020-01-06 19:41:32,042 INFO 6044 [egg-schedule]: register schedule D:\Programming\workspace\hexo\hexo-writer\node_modules\egg-logrotator\app\schedule\clean_log.js
2020-01-06 19:41:32,042 INFO 6044 [egg-schedule]: register schedule D:\Programming\workspace\hexo\hexo-writer\node_modules\egg-logrotator\app\schedule\rotate_by_file.js
2020-01-06 19:41:44,614 INFO 1300 [egg-schedule]: register schedule D:\Programming\workspace\hexo\hexo-writer\node_modules\egg-multipart\app\schedule\clean_tmpdir.js
2020-01-06 19:41:44,614 INFO 1300 [egg-schedule]: register schedule D:\Programming\workspace\hexo\hexo-writer\node_modules\egg-logrotator\app\schedule\clean_log.js
2020-01-06 19:41:44,614 INFO 1300 [egg-schedule]: register schedule D:\Programming\workspace\hexo\hexo-writer\node_modules\egg-logrotator\app\schedule\rotate_by_file.js
2020-01-06 19:41:55,899 INFO 7620 [egg-schedule]: register schedule D:\Programming\workspace\hexo\hexo-writer\node_modules\egg-multipart\app\schedule\clean_tmpdir.js
2020-01-06 19:41:55,899 INFO 7620 [egg-schedule]: register schedule D:\Programming\workspace\hexo\hexo-writer\node_modules\egg-logrotator\app\schedule\clean_log.js
2020-01-06 19:41:55,899 INFO 7620 [egg-schedule]: register schedule D:\Programming\workspace\hexo\hexo-writer\node_modules\egg-logrotator\app\schedule\rotate_by_file.js
2020-01-06 19:43:14,579 INFO 5588 [egg-schedule]: register schedule D:\Programming\workspace\hexo\hexo-writer\node_modules\egg-multipart\app\schedule\clean_tmpdir.js
2020-01-06 19:43:14,579 INFO 5588 [egg-schedule]: register schedule D:\Programming\workspace\hexo\hexo-writer\node_modules\egg-logrotator\app\schedule\clean_log.js
2020-01-06 19:43:14,579 INFO 5588 [egg-schedule]: register schedule D:\Programming\workspace\hexo\hexo-writer\node_modules\egg-logrotator\app\schedule\rotate_by_file.js
2020-01-06 19:43:19,727 INFO 9000 [egg-schedule]: register schedule D:\Programming\workspace\hexo\hexo-writer\node_modules\egg-multipart\app\schedule\clean_tmpdir.js
2020-01-06 19:43:19,727 INFO 9000 [egg-schedule]: register schedule D:\Programming\workspace\hexo\hexo-writer\node_modules\egg-logrotator\app\schedule\clean_log.js
2020-01-06 19:43:19,727 INFO 9000 [egg-schedule]: register schedule D:\Programming\workspace\hexo\hexo-writer\node_modules\egg-logrotator\app\schedule\rotate_by_file.js
2020-01-06 20:04:06,582 INFO 10080 [Timer] D:\Programming\workspace\hexo\hexo-writer\node_modules\egg-multipart\app\schedule\clean_tmpdir.js next time will execute after 30353421ms at 2020-01-07 04:30:00.003
2020-01-06 20:04:06,582 INFO 10080 [Timer] D:\Programming\workspace\hexo\hexo-writer\node_modules\egg-logrotator\app\schedule\clean_log.js next time will execute after 14153418ms at 2020-01-07 00:00:00.000
2020-01-06 20:04:06,582 INFO 10080 [Timer] D:\Programming\workspace\hexo\hexo-writer\node_modules\egg-logrotator\app\schedule\rotate_by_file.js next time will execute after 14154418ms at 2020-01-07 00:00:01.000
2020-01-06 20:04:06,344 INFO 10188 [egg-schedule]: register schedule D:\Programming\workspace\hexo\hexo-writer\node_modules\egg-multipart\app\schedule\clean_tmpdir.js
2020-01-06 20:04:06,344 INFO 10188 [egg-schedule]: register schedule D:\Programming\workspace\hexo\hexo-writer\node_modules\egg-logrotator\app\schedule\clean_log.js
2020-01-06 20:04:06,344 INFO 10188 [egg-schedule]: register schedule D:\Programming\workspace\hexo\hexo-writer\node_modules\egg-logrotator\app\schedule\rotate_by_file.js
2020-01-06 21:14:09,418 INFO 9688 [egg-schedule]: register schedule D:\Programming\workspace\hexo\hexo-writer\node_modules\egg-multipart\app\schedule\clean_tmpdir.js
2020-01-06 21:14:09,418 INFO 9688 [egg-schedule]: register schedule D:\Programming\workspace\hexo\hexo-writer\node_modules\egg-logrotator\app\schedule\clean_log.js
2020-01-06 21:14:09,418 INFO 9688 [egg-schedule]: register schedule D:\Programming\workspace\hexo\hexo-writer\node_modules\egg-logrotator\app\schedule\rotate_by_file.js
2020-01-06 21:14:43,686 INFO 5428 [egg-schedule]: register schedule D:\Programming\workspace\hexo\hexo-writer\node_modules\egg-multipart\app\schedule\clean_tmpdir.js
2020-01-06 21:14:43,686 INFO 5428 [egg-schedule]: register schedule D:\Programming\workspace\hexo\hexo-writer\node_modules\egg-logrotator\app\schedule\clean_log.js
2020-01-06 21:14:43,686 INFO 5428 [egg-schedule]: register schedule D:\Programming\workspace\hexo\hexo-writer\node_modules\egg-logrotator\app\schedule\rotate_by_file.js
2020-01-06 21:19:47,789 INFO 8148 [Timer] D:\Programming\workspace\hexo\hexo-writer\node_modules\egg-multipart\app\schedule\clean_tmpdir.js next time will execute after 25812213ms at 2020-01-07 04:30:00.002
2020-01-06 21:19:47,790 INFO 8148 [Timer] D:\Programming\workspace\hexo\hexo-writer\node_modules\egg-logrotator\app\schedule\clean_log.js next time will execute after 9612210ms at 2020-01-07 00:00:00.000
2020-01-06 21:19:47,790 INFO 8148 [Timer] D:\Programming\workspace\hexo\hexo-writer\node_modules\egg-logrotator\app\schedule\rotate_by_file.js next time will execute after 9613210ms at 2020-01-07 00:00:01.000
2020-01-06 21:19:47,536 INFO 1448 [egg-schedule]: register schedule D:\Programming\workspace\hexo\hexo-writer\node_modules\egg-multipart\app\schedule\clean_tmpdir.js
2020-01-06 21:19:47,536 INFO 1448 [egg-schedule]: register schedule D:\Programming\workspace\hexo\hexo-writer\node_modules\egg-logrotator\app\schedule\clean_log.js
2020-01-06 21:19:47,536 INFO 1448 [egg-schedule]: register schedule D:\Programming\workspace\hexo\hexo-writer\node_modules\egg-logrotator\app\schedule\rotate_by_file.js
2020-01-06 21:20:06,020 INFO 10064 [egg-schedule]: register schedule D:\Programming\workspace\hexo\hexo-writer\node_modules\egg-multipart\app\schedule\clean_tmpdir.js
2020-01-06 21:20:06,020 INFO 10064 [egg-schedule]: register schedule D:\Programming\workspace\hexo\hexo-writer\node_modules\egg-logrotator\app\schedule\clean_log.js
2020-01-06 21:20:06,020 INFO 10064 [egg-schedule]: register schedule D:\Programming\workspace\hexo\hexo-writer\node_modules\egg-logrotator\app\schedule\rotate_by_file.js
2020-01-06 21:42:30,097 INFO 10552 [egg-schedule]: register schedule D:\Programming\workspace\hexo\hexo-writer\node_modules\egg-multipart\app\schedule\clean_tmpdir.js
2020-01-06 21:42:30,097 INFO 10552 [egg-schedule]: register schedule D:\Programming\workspace\hexo\hexo-writer\node_modules\egg-logrotator\app\schedule\clean_log.js
2020-01-06 21:42:30,097 INFO 10552 [egg-schedule]: register schedule D:\Programming\workspace\hexo\hexo-writer\node_modules\egg-logrotator\app\schedule\rotate_by_file.js
2020-01-06 21:43:06,808 INFO 10324 [egg-schedule]: register schedule D:\Programming\workspace\hexo\hexo-writer\node_modules\egg-multipart\app\schedule\clean_tmpdir.js
2020-01-06 21:43:06,808 INFO 10324 [egg-schedule]: register schedule D:\Programming\workspace\hexo\hexo-writer\node_modules\egg-logrotator\app\schedule\clean_log.js
2020-01-06 21:43:06,808 INFO 10324 [egg-schedule]: register schedule D:\Programming\workspace\hexo\hexo-writer\node_modules\egg-logrotator\app\schedule\rotate_by_file.js
2020-01-06 21:43:37,225 INFO 7580 [egg-schedule]: register schedule D:\Programming\workspace\hexo\hexo-writer\node_modules\egg-multipart\app\schedule\clean_tmpdir.js
2020-01-06 21:43:37,225 INFO 7580 [egg-schedule]: register schedule D:\Programming\workspace\hexo\hexo-writer\node_modules\egg-logrotator\app\schedule\clean_log.js
2020-01-06 21:43:37,225 INFO 7580 [egg-schedule]: register schedule D:\Programming\workspace\hexo\hexo-writer\node_modules\egg-logrotator\app\schedule\rotate_by_file.js
2020-01-06 21:43:39,555 INFO 7956 [egg-schedule]: register schedule D:\Programming\workspace\hexo\hexo-writer\node_modules\egg-multipart\app\schedule\clean_tmpdir.js
2020-01-06 21:43:39,555 INFO 7956 [egg-schedule]: register schedule D:\Programming\workspace\hexo\hexo-writer\node_modules\egg-logrotator\app\schedule\clean_log.js
2020-01-06 21:43:39,555 INFO 7956 [egg-schedule]: register schedule D:\Programming\workspace\hexo\hexo-writer\node_modules\egg-logrotator\app\schedule\rotate_by_file.js
2020-01-06 22:03:31,069 INFO 2868 [egg-schedule]: register schedule D:\Programming\workspace\hexo\hexo-writer\node_modules\egg-multipart\app\schedule\clean_tmpdir.js
2020-01-06 22:03:31,069 INFO 2868 [egg-schedule]: register schedule D:\Programming\workspace\hexo\hexo-writer\node_modules\egg-logrotator\app\schedule\clean_log.js
2020-01-06 22:03:31,069 INFO 2868 [egg-schedule]: register schedule D:\Programming\workspace\hexo\hexo-writer\node_modules\egg-logrotator\app\schedule\rotate_by_file.js
2020-01-06 22:03:45,294 INFO 4644 [egg-schedule]: register schedule D:\Programming\workspace\hexo\hexo-writer\node_modules\egg-multipart\app\schedule\clean_tmpdir.js
2020-01-06 22:03:45,294 INFO 4644 [egg-schedule]: register schedule D:\Programming\workspace\hexo\hexo-writer\node_modules\egg-logrotator\app\schedule\clean_log.js
2020-01-06 22:03:45,294 INFO 4644 [egg-schedule]: register schedule D:\Programming\workspace\hexo\hexo-writer\node_modules\egg-logrotator\app\schedule\rotate_by_file.js
2020-01-06 22:04:45,385 INFO 5356 [egg-schedule]: register schedule D:\Programming\workspace\hexo\hexo-writer\node_modules\egg-multipart\app\schedule\clean_tmpdir.js
2020-01-06 22:04:45,385 INFO 5356 [egg-schedule]: register schedule D:\Programming\workspace\hexo\hexo-writer\node_modules\egg-logrotator\app\schedule\clean_log.js
2020-01-06 22:04:45,385 INFO 5356 [egg-schedule]: register schedule D:\Programming\workspace\hexo\hexo-writer\node_modules\egg-logrotator\app\schedule\rotate_by_file.js
2020-01-06 22:04:56,841 INFO 1412 [egg-schedule]: register schedule D:\Programming\workspace\hexo\hexo-writer\node_modules\egg-multipart\app\schedule\clean_tmpdir.js
2020-01-06 22:04:56,841 INFO 1412 [egg-schedule]: register schedule D:\Programming\workspace\hexo\hexo-writer\node_modules\egg-logrotator\app\schedule\clean_log.js
2020-01-06 22:04:56,841 INFO 1412 [egg-schedule]: register schedule D:\Programming\workspace\hexo\hexo-writer\node_modules\egg-logrotator\app\schedule\rotate_by_file.js
2020-01-06 22:05:10,574 INFO 10512 [egg-schedule]: register schedule D:\Programming\workspace\hexo\hexo-writer\node_modules\egg-multipart\app\schedule\clean_tmpdir.js
2020-01-06 22:05:10,574 INFO 10512 [egg-schedule]: register schedule D:\Programming\workspace\hexo\hexo-writer\node_modules\egg-logrotator\app\schedule\clean_log.js
2020-01-06 22:05:10,574 INFO 10512 [egg-schedule]: register schedule D:\Programming\workspace\hexo\hexo-writer\node_modules\egg-logrotator\app\schedule\rotate_by_file.js
2020-01-06 22:16:30,508 INFO 7252 [egg-schedule]: register schedule D:\Programming\workspace\hexo\hexo-writer\node_modules\egg-multipart\app\schedule\clean_tmpdir.js
2020-01-06 22:16:30,508 INFO 7252 [egg-schedule]: register schedule D:\Programming\workspace\hexo\hexo-writer\node_modules\egg-logrotator\app\schedule\clean_log.js
2020-01-06 22:16:30,508 INFO 7252 [egg-schedule]: register schedule D:\Programming\workspace\hexo\hexo-writer\node_modules\egg-logrotator\app\schedule\rotate_by_file.js
2020-01-06 22:16:32,007 INFO 11704 [egg-schedule]: register schedule D:\Programming\workspace\hexo\hexo-writer\node_modules\egg-multipart\app\schedule\clean_tmpdir.js
2020-01-06 22:16:32,007 INFO 11704 [egg-schedule]: register schedule D:\Programming\workspace\hexo\hexo-writer\node_modules\egg-logrotator\app\schedule\clean_log.js
2020-01-06 22:16:32,007 INFO 11704 [egg-schedule]: register schedule D:\Programming\workspace\hexo\hexo-writer\node_modules\egg-logrotator\app\schedule\rotate_by_file.js
2020-01-06 22:17:11,999 INFO 1456 [egg-schedule]: register schedule D:\Programming\workspace\hexo\hexo-writer\node_modules\egg-multipart\app\schedule\clean_tmpdir.js
2020-01-06 22:17:11,999 INFO 1456 [egg-schedule]: register schedule D:\Programming\workspace\hexo\hexo-writer\node_modules\egg-logrotator\app\schedule\clean_log.js
2020-01-06 22:17:11,999 INFO 1456 [egg-schedule]: register schedule D:\Programming\workspace\hexo\hexo-writer\node_modules\egg-logrotator\app\schedule\rotate_by_file.js
2020-01-06 22:19:43,746 INFO 4692 [egg-schedule]: register schedule D:\Programming\workspace\hexo\hexo-writer\node_modules\egg-multipart\app\schedule\clean_tmpdir.js
2020-01-06 22:19:43,746 INFO 4692 [egg-schedule]: register schedule D:\Programming\workspace\hexo\hexo-writer\node_modules\egg-logrotator\app\schedule\clean_log.js
2020-01-06 22:19:43,746 INFO 4692 [egg-schedule]: register schedule D:\Programming\workspace\hexo\hexo-writer\node_modules\egg-logrotator\app\schedule\rotate_by_file.js
2020-01-06 22:20:20,896 INFO 5880 [egg-schedule]: register schedule D:\Programming\workspace\hexo\hexo-writer\node_modules\egg-multipart\app\schedule\clean_tmpdir.js
2020-01-06 22:20:20,897 INFO 5880 [egg-schedule]: register schedule D:\Programming\workspace\hexo\hexo-writer\node_modules\egg-logrotator\app\schedule\clean_log.js
2020-01-06 22:20:20,897 INFO 5880 [egg-schedule]: register schedule D:\Programming\workspace\hexo\hexo-writer\node_modules\egg-logrotator\app\schedule\rotate_by_file.js
2020-01-06 22:20:44,490 INFO 8508 [egg-schedule]: register schedule D:\Programming\workspace\hexo\hexo-writer\node_modules\egg-multipart\app\schedule\clean_tmpdir.js
2020-01-06 22:20:44,490 INFO 8508 [egg-schedule]: register schedule D:\Programming\workspace\hexo\hexo-writer\node_modules\egg-logrotator\app\schedule\clean_log.js
2020-01-06 22:20:44,490 INFO 8508 [egg-schedule]: register schedule D:\Programming\workspace\hexo\hexo-writer\node_modules\egg-logrotator\app\schedule\rotate_by_file.js
