2020-01-05 16:57:38,891 ERROR 13996 [-/127.0.0.1/-/11ms GET /post] nodejs.Error: Please set config.keys first
    at Application.get keys [as keys] (D:\Programming\workspace\hexo\hexo-admin\node_modules\egg\lib\application.js:266:15)
    at Object.get cookies [as cookies] (D:\Programming\workspace\hexo\hexo-admin\node_modules\egg\app\extend\context.js:22:66)
    at Object.get [egg-security#CSRF_SECRET] (D:\Programming\workspace\hexo\hexo-admin\node_modules\egg-security\app\extend\context.js:86:33)
    at Object.ensureCsrfSecret (D:\Programming\workspace\hexo\hexo-admin\node_modules\egg-security\app\extend\context.js:97:13)
    at csrf (D:\Programming\workspace\hexo\hexo-admin\node_modules\egg-security\lib\middlewares\csrf.js:15:11)
    at dispatch (D:\Programming\workspace\hexo\hexo-admin\node_modules\koa-compose\index.js:42:32)
    at D:\Programming\workspace\hexo\hexo-admin\node_modules\koa-compose\index.js:34:12
    at dispatch (D:\Programming\workspace\hexo\hexo-admin\node_modules\koa-compose\index.js:42:32)
    at session (D:\Programming\workspace\hexo\hexo-admin\node_modules\koa-session\index.js:41:13)
    at dispatch (D:\Programming\workspace\hexo\hexo-admin\node_modules\koa-compose\index.js:42:32)
    at overrideMethod (D:\Programming\workspace\hexo\hexo-admin\node_modules\koa-override\index.js:13:70)
    at dispatch (D:\Programming\workspace\hexo\hexo-admin\node_modules\koa-compose\index.js:42:32)
    at bodyParser (D:\Programming\workspace\hexo\hexo-admin\node_modules\koa-bodyparser\index.js:86:11)
    at processTicksAndRejections (internal/process/next_tick.js:81:5)

pid: 13996
hostname: WINDOWS-NI56JDF

2020-01-05 21:18:43,073 ERROR 13600 [-/::1/-/2ms GET /post?current=0&limit=10] nodejs.TypeError: Converting circular structure to JSON
    at JSON.stringify (<anonymous>)
    at respond (D:\Programming\workspace\hexo\hexo-admin\node_modules\koa\lib\application.js:259:15)
    at handleResponse (D:\Programming\workspace\hexo\hexo-admin\node_modules\koa\lib\application.js:164:34)

pid: 13600
hostname: WINDOWS-NI56JDF

2020-01-05 21:19:16,082 ERROR 13600 [-/::1/-/1ms GET /post?current=0&limit=10] nodejs.TypeError: Converting circular structure to JSON
    at JSON.stringify (<anonymous>)
    at respond (D:\Programming\workspace\hexo\hexo-admin\node_modules\koa\lib\application.js:259:15)
    at handleResponse (D:\Programming\workspace\hexo\hexo-admin\node_modules\koa\lib\application.js:164:34)

pid: 13600
hostname: WINDOWS-NI56JDF

2020-01-05 21:19:42,782 ERROR 13600 [-/::1/-/1ms GET /post?current=0&limit=10] nodejs.TypeError: Converting circular structure to JSON
    at JSON.stringify (<anonymous>)
    at respond (D:\Programming\workspace\hexo\hexo-admin\node_modules\koa\lib\application.js:259:15)
    at handleResponse (D:\Programming\workspace\hexo\hexo-admin\node_modules\koa\lib\application.js:164:34)

pid: 13600
hostname: WINDOWS-NI56JDF

2020-01-05 21:19:47,650 ERROR 13600 [-/::1/-/1ms GET /post?current=0&limit=10] nodejs.TypeError: Converting circular structure to JSON
    at JSON.stringify (<anonymous>)
    at respond (D:\Programming\workspace\hexo\hexo-admin\node_modules\koa\lib\application.js:259:15)
    at handleResponse (D:\Programming\workspace\hexo\hexo-admin\node_modules\koa\lib\application.js:164:34)

pid: 13600
hostname: WINDOWS-NI56JDF

2020-01-05 21:21:28,230 ERROR 13600 [-/::1/-/0ms GET /post?current=0&limit=10] nodejs.TypeError: Converting circular structure to JSON
    at JSON.stringify (<anonymous>)
    at respond (D:\Programming\workspace\hexo\hexo-admin\node_modules\koa\lib\application.js:259:15)
    at handleResponse (D:\Programming\workspace\hexo\hexo-admin\node_modules\koa\lib\application.js:164:34)

pid: 13600
hostname: WINDOWS-NI56JDF

2020-01-05 21:25:07,912 ERROR 10900 [-/::1/-/3ms GET /post?current=0&limit=10] nodejs.TypeError: Converting circular structure to JSON
    at JSON.stringify (<anonymous>)
    at respond (D:\Programming\workspace\hexo\hexo-admin\node_modules\koa\lib\application.js:259:15)
    at handleResponse (D:\Programming\workspace\hexo\hexo-admin\node_modules\koa\lib\application.js:164:34)

pid: 10900
hostname: WINDOWS-NI56JDF

2020-01-05 21:25:10,486 ERROR 10900 [-/::1/-/1ms GET /post?current=0&limit=10] nodejs.TypeError: Converting circular structure to JSON
    at JSON.stringify (<anonymous>)
    at respond (D:\Programming\workspace\hexo\hexo-admin\node_modules\koa\lib\application.js:259:15)
    at handleResponse (D:\Programming\workspace\hexo\hexo-admin\node_modules\koa\lib\application.js:164:34)

pid: 10900
hostname: WINDOWS-NI56JDF

2020-01-05 21:25:51,644 ERROR 10632 [-/::1/-/1071ms GET /post?current=0&limit=10] nodejs.TypeError: Converting circular structure to JSON
    at JSON.stringify (<anonymous>)
    at respond (D:\Programming\workspace\hexo\hexo-admin\node_modules\koa\lib\application.js:259:15)
    at handleResponse (D:\Programming\workspace\hexo\hexo-admin\node_modules\koa\lib\application.js:164:34)

pid: 10632
hostname: WINDOWS-NI56JDF

2020-01-05 21:28:50,540 ERROR 10632 [-/::1/-/1085ms GET /post?current=0&limit=10] nodejs.TypeError: Converting circular structure to JSON
    at JSON.stringify (<anonymous>)
    at respond (D:\Programming\workspace\hexo\hexo-admin\node_modules\koa\lib\application.js:259:15)
    at handleResponse (D:\Programming\workspace\hexo\hexo-admin\node_modules\koa\lib\application.js:164:34)

pid: 10632
hostname: WINDOWS-NI56JDF

2020-01-05 21:29:09,762 ERROR 10632 [-/::1/-/957ms GET /post?current=0&limit=10] nodejs.TypeError: Converting circular structure to JSON
    at JSON.stringify (<anonymous>)
    at respond (D:\Programming\workspace\hexo\hexo-admin\node_modules\koa\lib\application.js:259:15)
    at handleResponse (D:\Programming\workspace\hexo\hexo-admin\node_modules\koa\lib\application.js:164:34)

pid: 10632
hostname: WINDOWS-NI56JDF

2020-01-05 21:29:50,216 ERROR 10632 [-/::1/-/703ms GET /post?current=0&limit=10] nodejs.TypeError: Converting circular structure to JSON
    at JSON.stringify (<anonymous>)
    at respond (D:\Programming\workspace\hexo\hexo-admin\node_modules\koa\lib\application.js:259:15)
    at handleResponse (D:\Programming\workspace\hexo\hexo-admin\node_modules\koa\lib\application.js:164:34)

pid: 10632
hostname: WINDOWS-NI56JDF

2020-01-05 21:29:54,876 ERROR 10632 [-/::1/-/720ms GET /post?current=0&limit=10] nodejs.TypeError: Converting circular structure to JSON
    at JSON.stringify (<anonymous>)
    at respond (D:\Programming\workspace\hexo\hexo-admin\node_modules\koa\lib\application.js:259:15)
    at handleResponse (D:\Programming\workspace\hexo\hexo-admin\node_modules\koa\lib\application.js:164:34)

pid: 10632
hostname: WINDOWS-NI56JDF

2020-01-05 21:30:18,861 ERROR 10632 [-/::1/-/736ms GET /post?current=0&limit=10] nodejs.TypeError: Converting circular structure to JSON
    at JSON.stringify (<anonymous>)
    at respond (D:\Programming\workspace\hexo\hexo-admin\node_modules\koa\lib\application.js:259:15)
    at handleResponse (D:\Programming\workspace\hexo\hexo-admin\node_modules\koa\lib\application.js:164:34)

pid: 10632
hostname: WINDOWS-NI56JDF

2020-01-05 21:30:28,250 ERROR 10632 [-/::1/-/711ms GET /post?current=0&limit=10] nodejs.TypeError: Converting circular structure to JSON
    at JSON.stringify (<anonymous>)
    at respond (D:\Programming\workspace\hexo\hexo-admin\node_modules\koa\lib\application.js:259:15)
    at handleResponse (D:\Programming\workspace\hexo\hexo-admin\node_modules\koa\lib\application.js:164:34)

pid: 10632
hostname: WINDOWS-NI56JDF

2020-01-05 21:31:58,485 ERROR 9840 [-/::1/-/11ms GET /post?current=0&limit=10] nodejs.TypeError: Converting circular structure to JSON
    at JSON.stringify (<anonymous>)
    at respond (D:\Programming\workspace\hexo\hexo-admin\node_modules\koa\lib\application.js:259:15)
    at handleResponse (D:\Programming\workspace\hexo\hexo-admin\node_modules\koa\lib\application.js:164:34)

pid: 9840
hostname: WINDOWS-NI56JDF

2020-01-05 21:32:46,937 ERROR 5588 [-/::1/-/451ms GET /post?current=0&limit=10] nodejs.TypeError: Converting circular structure to JSON
    at JSON.stringify (<anonymous>)
    at respond (D:\Programming\workspace\hexo\hexo-admin\node_modules\koa\lib\application.js:259:15)
    at handleResponse (D:\Programming\workspace\hexo\hexo-admin\node_modules\koa\lib\application.js:164:34)

pid: 5588
hostname: WINDOWS-NI56JDF

2020-01-05 21:33:42,294 ERROR 10100 [-/::1/-/11ms GET /post?current=0&limit=10] nodejs.TypeError: Converting circular structure to JSON
    at JSON.stringify (<anonymous>)
    at respond (D:\Programming\workspace\hexo\hexo-admin\node_modules\koa\lib\application.js:259:15)
    at handleResponse (D:\Programming\workspace\hexo\hexo-admin\node_modules\koa\lib\application.js:164:34)

pid: 10100
hostname: WINDOWS-NI56JDF

2020-01-05 21:33:51,740 ERROR 12804 [-/::1/-/11ms GET /post?current=0&limit=10] nodejs.TypeError: Converting circular structure to JSON
    at JSON.stringify (<anonymous>)
    at respond (D:\Programming\workspace\hexo\hexo-admin\node_modules\koa\lib\application.js:259:15)
    at handleResponse (D:\Programming\workspace\hexo\hexo-admin\node_modules\koa\lib\application.js:164:34)

pid: 12804
hostname: WINDOWS-NI56JDF

2020-01-05 21:34:02,768 ERROR 14112 [-/::1/-/457ms GET /post?current=0&limit=10] nodejs.TypeError: Converting circular structure to JSON
    at JSON.stringify (<anonymous>)
    at respond (D:\Programming\workspace\hexo\hexo-admin\node_modules\koa\lib\application.js:259:15)
    at handleResponse (D:\Programming\workspace\hexo\hexo-admin\node_modules\koa\lib\application.js:164:34)

pid: 14112
hostname: WINDOWS-NI56JDF

2020-01-05 21:36:53,369 ERROR 2484 [-/::1/-/439ms GET /post?current=0&limit=10] nodejs.TypeError: Converting circular structure to JSON
    at JSON.stringify (<anonymous>)
    at respond (D:\Programming\workspace\hexo\hexo-admin\node_modules\koa\lib\application.js:259:15)
    at handleResponse (D:\Programming\workspace\hexo\hexo-admin\node_modules\koa\lib\application.js:164:34)

pid: 2484
hostname: WINDOWS-NI56JDF

2020-01-05 21:37:47,519 ERROR 2484 [-/::1/-/476ms GET /post?current=0&limit=10] nodejs.TypeError: Converting circular structure to JSON
    at JSON.stringify (<anonymous>)
    at respond (D:\Programming\workspace\hexo\hexo-admin\node_modules\koa\lib\application.js:259:15)
    at handleResponse (D:\Programming\workspace\hexo\hexo-admin\node_modules\koa\lib\application.js:164:34)

pid: 2484
hostname: WINDOWS-NI56JDF

2020-01-05 21:37:49,748 ERROR 2484 [-/::1/-/473ms GET /post?current=0&limit=10] nodejs.TypeError: Converting circular structure to JSON
    at JSON.stringify (<anonymous>)
    at respond (D:\Programming\workspace\hexo\hexo-admin\node_modules\koa\lib\application.js:259:15)
    at handleResponse (D:\Programming\workspace\hexo\hexo-admin\node_modules\koa\lib\application.js:164:34)

pid: 2484
hostname: WINDOWS-NI56JDF

